CRITICAL - 2023-12-09 04:28:17 --> Undefined variable $profile
in APPPATH\Views\student_dashboard\profile.php on line 96.
 1 APPPATH\Views\student_dashboard\profile.php(96): CodeIgniter\Debug\Exceptions->errorHandler(2, 'Undefined variable $profile', 'C:\\laragon\\www\\archivez_ci4_final_repo\\app\\Views\\student_dashboard\\profile.php', 96)
 2 SYSTEMPATH\View\View.php(228): include('C:\\laragon\\www\\archivez_ci4_final_repo\\app\\Views\\student_dashboard\\profile.php')
 3 SYSTEMPATH\View\View.php(231): CodeIgniter\View\View->CodeIgniter\View\{closure}()
 4 SYSTEMPATH\View\View.php(469): CodeIgniter\View\View->render('/student_dashboard/profile', null, true)
 5 APPPATH\Views\studentdashboardview\myprofile.php(6): CodeIgniter\View\View->include('/student_dashboard/profile')
 6 SYSTEMPATH\View\View.php(228): include('C:\\laragon\\www\\archivez_ci4_final_repo\\app\\Views\\studentdashboardview\\myprofile.php')
 7 SYSTEMPATH\View\View.php(231): CodeIgniter\View\View->CodeIgniter\View\{closure}()
 8 SYSTEMPATH\Common.php(1190): CodeIgniter\View\View->render('studentdashboardview/myprofile', [], true)
 9 APPPATH\Controllers\StudentDashboardController.php(52): view('studentdashboardview/myprofile', [...])
10 SYSTEMPATH\CodeIgniter.php(942): App\Controllers\StudentDashboardController->addprofile()
11 SYSTEMPATH\CodeIgniter.php(502): CodeIgniter\CodeIgniter->runController(Object(App\Controllers\StudentDashboardController))
12 SYSTEMPATH\CodeIgniter.php(361): CodeIgniter\CodeIgniter->handleRequest(null, Object(Config\Cache), false)
13 FCPATH\index.php(79): CodeIgniter\CodeIgniter->run()
14 SYSTEMPATH\Commands\Server\rewrite.php(47): require_once('C:\\laragon\\www\\archivez_ci4_final_repo\\public\\index.php')
CRITICAL - 2023-12-09 04:30:00 --> Undefined variable $prof
in APPPATH\Views\student_dashboard\profile.php on line 96.
 1 APPPATH\Views\student_dashboard\profile.php(96): CodeIgniter\Debug\Exceptions->errorHandler(2, 'Undefined variable $prof', 'C:\\laragon\\www\\archivez_ci4_final_repo\\app\\Views\\student_dashboard\\profile.php', 96)
 2 SYSTEMPATH\View\View.php(228): include('C:\\laragon\\www\\archivez_ci4_final_repo\\app\\Views\\student_dashboard\\profile.php')
 3 SYSTEMPATH\View\View.php(231): CodeIgniter\View\View->CodeIgniter\View\{closure}()
 4 SYSTEMPATH\View\View.php(469): CodeIgniter\View\View->render('/student_dashboard/profile', null, true)
 5 APPPATH\Views\studentdashboardview\myprofile.php(6): CodeIgniter\View\View->include('/student_dashboard/profile')
 6 SYSTEMPATH\View\View.php(228): include('C:\\laragon\\www\\archivez_ci4_final_repo\\app\\Views\\studentdashboardview\\myprofile.php')
 7 SYSTEMPATH\View\View.php(231): CodeIgniter\View\View->CodeIgniter\View\{closure}()
 8 SYSTEMPATH\Common.php(1190): CodeIgniter\View\View->render('studentdashboardview/myprofile', [], true)
 9 APPPATH\Controllers\StudentDashboardController.php(52): view('studentdashboardview/myprofile', [...])
10 SYSTEMPATH\CodeIgniter.php(942): App\Controllers\StudentDashboardController->addprofile()
11 SYSTEMPATH\CodeIgniter.php(502): CodeIgniter\CodeIgniter->runController(Object(App\Controllers\StudentDashboardController))
12 SYSTEMPATH\CodeIgniter.php(361): CodeIgniter\CodeIgniter->handleRequest(null, Object(Config\Cache), false)
13 FCPATH\index.php(79): CodeIgniter\CodeIgniter->run()
14 SYSTEMPATH\Commands\Server\rewrite.php(47): require_once('C:\\laragon\\www\\archivez_ci4_final_repo\\public\\index.php')
CRITICAL - 2023-12-09 04:39:06 --> Undefined variable $prof
in APPPATH\Views\student_dashboard\profile.php on line 96.
 1 APPPATH\Views\student_dashboard\profile.php(96): CodeIgniter\Debug\Exceptions->errorHandler(2, 'Undefined variable $prof', 'C:\\laragon\\www\\archivez_ci4_final_repo\\app\\Views\\student_dashboard\\profile.php', 96)
 2 SYSTEMPATH\View\View.php(228): include('C:\\laragon\\www\\archivez_ci4_final_repo\\app\\Views\\student_dashboard\\profile.php')
 3 SYSTEMPATH\View\View.php(231): CodeIgniter\View\View->CodeIgniter\View\{closure}()
 4 SYSTEMPATH\View\View.php(469): CodeIgniter\View\View->render('/student_dashboard/profile', null, true)
 5 APPPATH\Views\studentdashboardview\myprofile.php(6): CodeIgniter\View\View->include('/student_dashboard/profile')
 6 SYSTEMPATH\View\View.php(228): include('C:\\laragon\\www\\archivez_ci4_final_repo\\app\\Views\\studentdashboardview\\myprofile.php')
 7 SYSTEMPATH\View\View.php(231): CodeIgniter\View\View->CodeIgniter\View\{closure}()
 8 SYSTEMPATH\Common.php(1190): CodeIgniter\View\View->render('studentdashboardview/myprofile', [], true)
 9 APPPATH\Controllers\StudentDashboardController.php(52): view('studentdashboardview/myprofile', [...])
10 SYSTEMPATH\CodeIgniter.php(942): App\Controllers\StudentDashboardController->addprofile()
11 SYSTEMPATH\CodeIgniter.php(502): CodeIgniter\CodeIgniter->runController(Object(App\Controllers\StudentDashboardController))
12 SYSTEMPATH\CodeIgniter.php(361): CodeIgniter\CodeIgniter->handleRequest(null, Object(Config\Cache), false)
13 FCPATH\index.php(79): CodeIgniter\CodeIgniter->run()
14 SYSTEMPATH\Commands\Server\rewrite.php(47): require_once('C:\\laragon\\www\\archivez_ci4_final_repo\\public\\index.php')
CRITICAL - 2023-12-09 04:39:31 --> Undefined variable $prof
in APPPATH\Views\student_dashboard\profile.php on line 96.
 1 APPPATH\Views\student_dashboard\profile.php(96): CodeIgniter\Debug\Exceptions->errorHandler(2, 'Undefined variable $prof', 'C:\\laragon\\www\\archivez_ci4_final_repo\\app\\Views\\student_dashboard\\profile.php', 96)
 2 SYSTEMPATH\View\View.php(228): include('C:\\laragon\\www\\archivez_ci4_final_repo\\app\\Views\\student_dashboard\\profile.php')
 3 SYSTEMPATH\View\View.php(231): CodeIgniter\View\View->CodeIgniter\View\{closure}()
 4 SYSTEMPATH\View\View.php(469): CodeIgniter\View\View->render('/student_dashboard/profile', null, true)
 5 APPPATH\Views\studentdashboardview\myprofile.php(6): CodeIgniter\View\View->include('/student_dashboard/profile')
 6 SYSTEMPATH\View\View.php(228): include('C:\\laragon\\www\\archivez_ci4_final_repo\\app\\Views\\studentdashboardview\\myprofile.php')
 7 SYSTEMPATH\View\View.php(231): CodeIgniter\View\View->CodeIgniter\View\{closure}()
 8 SYSTEMPATH\Common.php(1190): CodeIgniter\View\View->render('studentdashboardview/myprofile', [], true)
 9 APPPATH\Controllers\StudentDashboardController.php(52): view('studentdashboardview/myprofile', [...])
10 SYSTEMPATH\CodeIgniter.php(942): App\Controllers\StudentDashboardController->addprofile()
11 SYSTEMPATH\CodeIgniter.php(502): CodeIgniter\CodeIgniter->runController(Object(App\Controllers\StudentDashboardController))
12 SYSTEMPATH\CodeIgniter.php(361): CodeIgniter\CodeIgniter->handleRequest(null, Object(Config\Cache), false)
13 FCPATH\index.php(79): CodeIgniter\CodeIgniter->run()
14 SYSTEMPATH\Commands\Server\rewrite.php(47): require_once('C:\\laragon\\www\\archivez_ci4_final_repo\\public\\index.php')
CRITICAL - 2023-12-09 04:43:02 --> Undefined variable $prof
in APPPATH\Views\student_dashboard\profile.php on line 96.
 1 APPPATH\Views\student_dashboard\profile.php(96): CodeIgniter\Debug\Exceptions->errorHandler(2, 'Undefined variable $prof', 'C:\\laragon\\www\\archivez_ci4_final_repo\\app\\Views\\student_dashboard\\profile.php', 96)
 2 SYSTEMPATH\View\View.php(228): include('C:\\laragon\\www\\archivez_ci4_final_repo\\app\\Views\\student_dashboard\\profile.php')
 3 SYSTEMPATH\View\View.php(231): CodeIgniter\View\View->CodeIgniter\View\{closure}()
 4 SYSTEMPATH\View\View.php(469): CodeIgniter\View\View->render('/student_dashboard/profile', null, true)
 5 APPPATH\Views\studentdashboardview\myprofile.php(6): CodeIgniter\View\View->include('/student_dashboard/profile')
 6 SYSTEMPATH\View\View.php(228): include('C:\\laragon\\www\\archivez_ci4_final_repo\\app\\Views\\studentdashboardview\\myprofile.php')
 7 SYSTEMPATH\View\View.php(231): CodeIgniter\View\View->CodeIgniter\View\{closure}()
 8 SYSTEMPATH\Common.php(1190): CodeIgniter\View\View->render('studentdashboardview/myprofile', [], true)
 9 APPPATH\Controllers\ProfileController.php(31): view('studentdashboardview/myprofile', [...])
10 SYSTEMPATH\CodeIgniter.php(942): App\Controllers\ProfileController->studentprofile()
11 SYSTEMPATH\CodeIgniter.php(502): CodeIgniter\CodeIgniter->runController(Object(App\Controllers\ProfileController))
12 SYSTEMPATH\CodeIgniter.php(361): CodeIgniter\CodeIgniter->handleRequest(null, Object(Config\Cache), false)
13 FCPATH\index.php(79): CodeIgniter\CodeIgniter->run()
14 SYSTEMPATH\Commands\Server\rewrite.php(47): require_once('C:\\laragon\\www\\archivez_ci4_final_repo\\public\\index.php')
CRITICAL - 2023-12-09 04:43:06 --> Undefined variable $prof
in APPPATH\Views\student_dashboard\profile.php on line 96.
 1 APPPATH\Views\student_dashboard\profile.php(96): CodeIgniter\Debug\Exceptions->errorHandler(2, 'Undefined variable $prof', 'C:\\laragon\\www\\archivez_ci4_final_repo\\app\\Views\\student_dashboard\\profile.php', 96)
 2 SYSTEMPATH\View\View.php(228): include('C:\\laragon\\www\\archivez_ci4_final_repo\\app\\Views\\student_dashboard\\profile.php')
 3 SYSTEMPATH\View\View.php(231): CodeIgniter\View\View->CodeIgniter\View\{closure}()
 4 SYSTEMPATH\View\View.php(469): CodeIgniter\View\View->render('/student_dashboard/profile', null, true)
 5 APPPATH\Views\studentdashboardview\myprofile.php(6): CodeIgniter\View\View->include('/student_dashboard/profile')
 6 SYSTEMPATH\View\View.php(228): include('C:\\laragon\\www\\archivez_ci4_final_repo\\app\\Views\\studentdashboardview\\myprofile.php')
 7 SYSTEMPATH\View\View.php(231): CodeIgniter\View\View->CodeIgniter\View\{closure}()
 8 SYSTEMPATH\Common.php(1190): CodeIgniter\View\View->render('studentdashboardview/myprofile', [], true)
 9 APPPATH\Controllers\ProfileController.php(31): view('studentdashboardview/myprofile', [...])
10 SYSTEMPATH\CodeIgniter.php(942): App\Controllers\ProfileController->studentprofile()
11 SYSTEMPATH\CodeIgniter.php(502): CodeIgniter\CodeIgniter->runController(Object(App\Controllers\ProfileController))
12 SYSTEMPATH\CodeIgniter.php(361): CodeIgniter\CodeIgniter->handleRequest(null, Object(Config\Cache), false)
13 FCPATH\index.php(79): CodeIgniter\CodeIgniter->run()
14 SYSTEMPATH\Commands\Server\rewrite.php(47): require_once('C:\\laragon\\www\\archivez_ci4_final_repo\\public\\index.php')
CRITICAL - 2023-12-09 04:45:50 --> Undefined variable $profile
in APPPATH\Views\student_dashboard\profile.php on line 91.
 1 APPPATH\Views\student_dashboard\profile.php(91): CodeIgniter\Debug\Exceptions->errorHandler(2, 'Undefined variable $profile', 'C:\\laragon\\www\\archivez_ci4_final_repo\\app\\Views\\student_dashboard\\profile.php', 91)
 2 SYSTEMPATH\View\View.php(228): include('C:\\laragon\\www\\archivez_ci4_final_repo\\app\\Views\\student_dashboard\\profile.php')
 3 SYSTEMPATH\View\View.php(231): CodeIgniter\View\View->CodeIgniter\View\{closure}()
 4 SYSTEMPATH\View\View.php(469): CodeIgniter\View\View->render('/student_dashboard/profile', null, true)
 5 APPPATH\Views\studentdashboardview\myprofile.php(6): CodeIgniter\View\View->include('/student_dashboard/profile')
 6 SYSTEMPATH\View\View.php(228): include('C:\\laragon\\www\\archivez_ci4_final_repo\\app\\Views\\studentdashboardview\\myprofile.php')
 7 SYSTEMPATH\View\View.php(231): CodeIgniter\View\View->CodeIgniter\View\{closure}()
 8 SYSTEMPATH\Common.php(1190): CodeIgniter\View\View->render('studentdashboardview/myprofile', [], true)
 9 APPPATH\Controllers\ProfileController.php(50): view('studentdashboardview/myprofile', [...])
10 SYSTEMPATH\CodeIgniter.php(942): App\Controllers\ProfileController->addprofile()
11 SYSTEMPATH\CodeIgniter.php(502): CodeIgniter\CodeIgniter->runController(Object(App\Controllers\ProfileController))
12 SYSTEMPATH\CodeIgniter.php(361): CodeIgniter\CodeIgniter->handleRequest(null, Object(Config\Cache), false)
13 FCPATH\index.php(79): CodeIgniter\CodeIgniter->run()
14 SYSTEMPATH\Commands\Server\rewrite.php(47): require_once('C:\\laragon\\www\\archivez_ci4_final_repo\\public\\index.php')
CRITICAL - 2023-12-09 05:10:06 --> Undefined property: App\Controllers\ProfileController::$profile
in APPPATH\Controllers\ProfileController.php on line 41.
 1 APPPATH\Controllers\ProfileController.php(41): CodeIgniter\Debug\Exceptions->errorHandler(2, 'Undefined property: App\\Controllers\\ProfileController::$profile', 'C:\\laragon\\www\\archivez_ci4_final_repo\\app\\Controllers\\ProfileController.php', 41)
 2 SYSTEMPATH\CodeIgniter.php(942): App\Controllers\ProfileController->studentprofile()
 3 SYSTEMPATH\CodeIgniter.php(502): CodeIgniter\CodeIgniter->runController(Object(App\Controllers\ProfileController))
 4 SYSTEMPATH\CodeIgniter.php(361): CodeIgniter\CodeIgniter->handleRequest(null, Object(Config\Cache), false)
 5 FCPATH\index.php(79): CodeIgniter\CodeIgniter->run()
 6 SYSTEMPATH\Commands\Server\rewrite.php(47): require_once('C:\\laragon\\www\\archivez_ci4_final_repo\\public\\index.php')
ERROR - 2023-12-09 05:11:06 --> mysqli_sql_exception: Unknown column 'user_id' in 'where clause' in C:\laragon\www\archivez_ci4_final_repo\system\Database\MySQLi\Connection.php:306
Stack trace:
#0 C:\laragon\www\archivez_ci4_final_repo\system\Database\MySQLi\Connection.php(306): mysqli->query('SELECT *\nFROM `...', 0)
#1 C:\laragon\www\archivez_ci4_final_repo\system\Database\BaseConnection.php(693): CodeIgniter\Database\MySQLi\Connection->execute('SELECT *\nFROM `...')
#2 C:\laragon\www\archivez_ci4_final_repo\system\Database\BaseConnection.php(607): CodeIgniter\Database\BaseConnection->simpleQuery('SELECT *\nFROM `...')
#3 C:\laragon\www\archivez_ci4_final_repo\system\Database\BaseBuilder.php(1615): CodeIgniter\Database\BaseConnection->query('SELECT *\nFROM `...', Array, false)
#4 C:\laragon\www\archivez_ci4_final_repo\system\Model.php(237): CodeIgniter\Database\BaseBuilder->get()
#5 C:\laragon\www\archivez_ci4_final_repo\system\BaseModel.php(624): CodeIgniter\Model->doFindAll(0, 0)
#6 C:\laragon\www\archivez_ci4_final_repo\app\Controllers\ProfileController.php(27): CodeIgniter\BaseModel->findAll()
#7 C:\laragon\www\archivez_ci4_final_repo\system\CodeIgniter.php(942): App\Controllers\ProfileController->studentdashboard()
#8 C:\laragon\www\archivez_ci4_final_repo\system\CodeIgniter.php(502): CodeIgniter\CodeIgniter->runController(Object(App\Controllers\ProfileController))
#9 C:\laragon\www\archivez_ci4_final_repo\system\CodeIgniter.php(361): CodeIgniter\CodeIgniter->handleRequest(NULL, Object(Config\Cache), false)
#10 C:\laragon\www\archivez_ci4_final_repo\public\index.php(79): CodeIgniter\CodeIgniter->run()
#11 C:\laragon\www\archivez_ci4_final_repo\system\Commands\Server\rewrite.php(47): require_once('C:\\laragon\\www\\...')
#12 {main}
CRITICAL - 2023-12-09 05:11:06 --> Unknown column 'user_id' in 'where clause'
in SYSTEMPATH\Database\BaseConnection.php on line 647.
 1 SYSTEMPATH\Database\BaseBuilder.php(1615): CodeIgniter\Database\BaseConnection->query('SELECT *
FROM `users`
WHERE `user_id` = :user_id:', [...], false)
 2 SYSTEMPATH\Model.php(237): CodeIgniter\Database\BaseBuilder->get()
 3 SYSTEMPATH\BaseModel.php(624): CodeIgniter\Model->doFindAll(0, 0)
 4 APPPATH\Controllers\ProfileController.php(27): CodeIgniter\BaseModel->findAll()
 5 SYSTEMPATH\CodeIgniter.php(942): App\Controllers\ProfileController->studentdashboard()
 6 SYSTEMPATH\CodeIgniter.php(502): CodeIgniter\CodeIgniter->runController(Object(App\Controllers\ProfileController))
 7 SYSTEMPATH\CodeIgniter.php(361): CodeIgniter\CodeIgniter->handleRequest(null, Object(Config\Cache), false)
 8 FCPATH\index.php(79): CodeIgniter\CodeIgniter->run()
 9 SYSTEMPATH\Commands\Server\rewrite.php(47): require_once('C:\\laragon\\www\\archivez_ci4_final_repo\\public\\index.php')
CRITICAL - 2023-12-09 05:12:07 --> Undefined variable $profile
in APPPATH\Views\student_dashboard\profile.php on line 91.
 1 APPPATH\Views\student_dashboard\profile.php(91): CodeIgniter\Debug\Exceptions->errorHandler(2, 'Undefined variable $profile', 'C:\\laragon\\www\\archivez_ci4_final_repo\\app\\Views\\student_dashboard\\profile.php', 91)
 2 SYSTEMPATH\View\View.php(228): include('C:\\laragon\\www\\archivez_ci4_final_repo\\app\\Views\\student_dashboard\\profile.php')
 3 SYSTEMPATH\View\View.php(231): CodeIgniter\View\View->CodeIgniter\View\{closure}()
 4 SYSTEMPATH\View\View.php(469): CodeIgniter\View\View->render('/student_dashboard/profile', null, true)
 5 APPPATH\Views\studentdashboardview\myprofile.php(6): CodeIgniter\View\View->include('/student_dashboard/profile')
 6 SYSTEMPATH\View\View.php(228): include('C:\\laragon\\www\\archivez_ci4_final_repo\\app\\Views\\studentdashboardview\\myprofile.php')
 7 SYSTEMPATH\View\View.php(231): CodeIgniter\View\View->CodeIgniter\View\{closure}()
 8 SYSTEMPATH\Common.php(1190): CodeIgniter\View\View->render('studentdashboardview/myprofile', [], true)
 9 APPPATH\Controllers\ProfileController.php(20): view('studentdashboardview/myprofile')
10 SYSTEMPATH\CodeIgniter.php(942): App\Controllers\ProfileController->studentprofile()
11 SYSTEMPATH\CodeIgniter.php(502): CodeIgniter\CodeIgniter->runController(Object(App\Controllers\ProfileController))
12 SYSTEMPATH\CodeIgniter.php(361): CodeIgniter\CodeIgniter->handleRequest(null, Object(Config\Cache), false)
13 FCPATH\index.php(79): CodeIgniter\CodeIgniter->run()
14 SYSTEMPATH\Commands\Server\rewrite.php(47): require_once('C:\\laragon\\www\\archivez_ci4_final_repo\\public\\index.php')
CRITICAL - 2023-12-09 06:19:01 --> Invalid file: "studentdashboardview/bookmark.php"
in SYSTEMPATH\Exceptions\FrameworkException.php on line 39.
 1 SYSTEMPATH\View\View.php(216): CodeIgniter\Exceptions\FrameworkException::forInvalidFile('studentdashboardview/bookmark.php')
 2 SYSTEMPATH\Common.php(1190): CodeIgniter\View\View->render('studentdashboardview/bookmark', [], true)
 3 APPPATH\Controllers\ResearchController.php(216): view('studentdashboardview/bookmark', [...])
 4 SYSTEMPATH\CodeIgniter.php(942): App\Controllers\ResearchController->bookmarks()
 5 SYSTEMPATH\CodeIgniter.php(502): CodeIgniter\CodeIgniter->runController(Object(App\Controllers\ResearchController))
 6 SYSTEMPATH\CodeIgniter.php(361): CodeIgniter\CodeIgniter->handleRequest(null, Object(Config\Cache), false)
 7 FCPATH\index.php(79): CodeIgniter\CodeIgniter->run()
 8 SYSTEMPATH\Commands\Server\rewrite.php(47): require_once('C:\\laragon\\www\\archivez_ci4_final_repo\\public\\index.php')
CRITICAL - 2023-12-09 06:20:05 --> Undefined variable $res
in APPPATH\Views\student_dashboard\mybookmark.php on line 60.
 1 APPPATH\Views\student_dashboard\mybookmark.php(60): CodeIgniter\Debug\Exceptions->errorHandler(2, 'Undefined variable $res', 'C:\\laragon\\www\\archivez_ci4_final_repo\\app\\Views\\student_dashboard\\mybookmark.php', 60)
 2 SYSTEMPATH\View\View.php(228): include('C:\\laragon\\www\\archivez_ci4_final_repo\\app\\Views\\student_dashboard\\mybookmark.php')
 3 SYSTEMPATH\View\View.php(231): CodeIgniter\View\View->CodeIgniter\View\{closure}()
 4 SYSTEMPATH\View\View.php(469): CodeIgniter\View\View->render('/student_dashboard/mybookmark', null, true)
 5 APPPATH\Views\studentdashboardview\mybookmarks.php(6): CodeIgniter\View\View->include('/student_dashboard/mybookmark')
 6 SYSTEMPATH\View\View.php(228): include('C:\\laragon\\www\\archivez_ci4_final_repo\\app\\Views\\studentdashboardview\\mybookmarks.php')
 7 SYSTEMPATH\View\View.php(231): CodeIgniter\View\View->CodeIgniter\View\{closure}()
 8 SYSTEMPATH\Common.php(1190): CodeIgniter\View\View->render('studentdashboardview/mybookmarks', [], true)
 9 APPPATH\Controllers\ResearchController.php(216): view('studentdashboardview/mybookmarks', [...])
10 SYSTEMPATH\CodeIgniter.php(942): App\Controllers\ResearchController->bookmarks()
11 SYSTEMPATH\CodeIgniter.php(502): CodeIgniter\CodeIgniter->runController(Object(App\Controllers\ResearchController))
12 SYSTEMPATH\CodeIgniter.php(361): CodeIgniter\CodeIgniter->handleRequest(null, Object(Config\Cache), false)
13 FCPATH\index.php(79): CodeIgniter\CodeIgniter->run()
14 SYSTEMPATH\Commands\Server\rewrite.php(47): require_once('C:\\laragon\\www\\archivez_ci4_final_repo\\public\\index.php')
CRITICAL - 2023-12-09 06:20:24 --> Undefined array key "id"
in APPPATH\Views\student_dashboard\mybookmark.php on line 60.
 1 APPPATH\Views\student_dashboard\mybookmark.php(60): CodeIgniter\Debug\Exceptions->errorHandler(2, 'Undefined array key "id"', 'C:\\laragon\\www\\archivez_ci4_final_repo\\app\\Views\\student_dashboard\\mybookmark.php', 60)
 2 SYSTEMPATH\View\View.php(228): include('C:\\laragon\\www\\archivez_ci4_final_repo\\app\\Views\\student_dashboard\\mybookmark.php')
 3 SYSTEMPATH\View\View.php(231): CodeIgniter\View\View->CodeIgniter\View\{closure}()
 4 SYSTEMPATH\View\View.php(469): CodeIgniter\View\View->render('/student_dashboard/mybookmark', null, true)
 5 APPPATH\Views\studentdashboardview\mybookmarks.php(6): CodeIgniter\View\View->include('/student_dashboard/mybookmark')
 6 SYSTEMPATH\View\View.php(228): include('C:\\laragon\\www\\archivez_ci4_final_repo\\app\\Views\\studentdashboardview\\mybookmarks.php')
 7 SYSTEMPATH\View\View.php(231): CodeIgniter\View\View->CodeIgniter\View\{closure}()
 8 SYSTEMPATH\Common.php(1190): CodeIgniter\View\View->render('studentdashboardview/mybookmarks', [], true)
 9 APPPATH\Controllers\ResearchController.php(216): view('studentdashboardview/mybookmarks', [...])
10 SYSTEMPATH\CodeIgniter.php(942): App\Controllers\ResearchController->bookmarks()
11 SYSTEMPATH\CodeIgniter.php(502): CodeIgniter\CodeIgniter->runController(Object(App\Controllers\ResearchController))
12 SYSTEMPATH\CodeIgniter.php(361): CodeIgniter\CodeIgniter->handleRequest(null, Object(Config\Cache), false)
13 FCPATH\index.php(79): CodeIgniter\CodeIgniter->run()
14 SYSTEMPATH\Commands\Server\rewrite.php(47): require_once('C:\\laragon\\www\\archivez_ci4_final_repo\\public\\index.php')
CRITICAL - 2023-12-09 06:24:18 --> Undefined variable $output
in APPPATH\Views\student_dashboard\viewresearch.php on line 29.
 1 APPPATH\Views\student_dashboard\viewresearch.php(29): CodeIgniter\Debug\Exceptions->errorHandler(2, 'Undefined variable $output', 'C:\\laragon\\www\\archivez_ci4_final_repo\\app\\Views\\student_dashboard\\viewresearch.php', 29)
 2 SYSTEMPATH\View\View.php(228): include('C:\\laragon\\www\\archivez_ci4_final_repo\\app\\Views\\student_dashboard\\viewresearch.php')
 3 SYSTEMPATH\View\View.php(231): CodeIgniter\View\View->CodeIgniter\View\{closure}()
 4 SYSTEMPATH\View\View.php(469): CodeIgniter\View\View->render('/student_dashboard/viewresearch', null, true)
 5 APPPATH\Views\studentdashboardview\viewresearch.php(6): CodeIgniter\View\View->include('/student_dashboard/viewresearch')
 6 SYSTEMPATH\View\View.php(228): include('C:\\laragon\\www\\archivez_ci4_final_repo\\app\\Views\\studentdashboardview\\viewresearch.php')
 7 SYSTEMPATH\View\View.php(231): CodeIgniter\View\View->CodeIgniter\View\{closure}()
 8 SYSTEMPATH\Common.php(1190): CodeIgniter\View\View->render('studentdashboardview/viewresearch', [], true)
 9 APPPATH\Controllers\ResearchController.php(225): view('studentdashboardview/viewresearch', [...])
10 SYSTEMPATH\CodeIgniter.php(942): App\Controllers\ResearchController->bookmarkdetails('1')
11 SYSTEMPATH\CodeIgniter.php(502): CodeIgniter\CodeIgniter->runController(Object(App\Controllers\ResearchController))
12 SYSTEMPATH\CodeIgniter.php(361): CodeIgniter\CodeIgniter->handleRequest(null, Object(Config\Cache), false)
13 FCPATH\index.php(79): CodeIgniter\CodeIgniter->run()
14 SYSTEMPATH\Commands\Server\rewrite.php(47): require_once('C:\\laragon\\www\\archivez_ci4_final_repo\\public\\index.php')
CRITICAL - 2023-12-09 06:25:38 --> Undefined variable $output
in APPPATH\Views\student_dashboard\viewresearch.php on line 29.
 1 APPPATH\Views\student_dashboard\viewresearch.php(29): CodeIgniter\Debug\Exceptions->errorHandler(2, 'Undefined variable $output', 'C:\\laragon\\www\\archivez_ci4_final_repo\\app\\Views\\student_dashboard\\viewresearch.php', 29)
 2 SYSTEMPATH\View\View.php(228): include('C:\\laragon\\www\\archivez_ci4_final_repo\\app\\Views\\student_dashboard\\viewresearch.php')
 3 SYSTEMPATH\View\View.php(231): CodeIgniter\View\View->CodeIgniter\View\{closure}()
 4 SYSTEMPATH\View\View.php(469): CodeIgniter\View\View->render('/student_dashboard/viewresearch', null, true)
 5 APPPATH\Views\studentdashboardview\viewresearch.php(6): CodeIgniter\View\View->include('/student_dashboard/viewresearch')
 6 SYSTEMPATH\View\View.php(228): include('C:\\laragon\\www\\archivez_ci4_final_repo\\app\\Views\\studentdashboardview\\viewresearch.php')
 7 SYSTEMPATH\View\View.php(231): CodeIgniter\View\View->CodeIgniter\View\{closure}()
 8 SYSTEMPATH\Common.php(1190): CodeIgniter\View\View->render('studentdashboardview/viewresearch', [], true)
 9 APPPATH\Controllers\ResearchController.php(225): view('studentdashboardview/viewresearch', [...])
10 SYSTEMPATH\CodeIgniter.php(942): App\Controllers\ResearchController->bookmarkdetails('1')
11 SYSTEMPATH\CodeIgniter.php(502): CodeIgniter\CodeIgniter->runController(Object(App\Controllers\ResearchController))
12 SYSTEMPATH\CodeIgniter.php(361): CodeIgniter\CodeIgniter->handleRequest(null, Object(Config\Cache), false)
13 FCPATH\index.php(79): CodeIgniter\CodeIgniter->run()
14 SYSTEMPATH\Commands\Server\rewrite.php(47): require_once('C:\\laragon\\www\\archivez_ci4_final_repo\\public\\index.php')
CRITICAL - 2023-12-09 06:26:22 --> Undefined variable $output
in APPPATH\Views\student_dashboard\viewresearch.php on line 29.
 1 APPPATH\Views\student_dashboard\viewresearch.php(29): CodeIgniter\Debug\Exceptions->errorHandler(2, 'Undefined variable $output', 'C:\\laragon\\www\\archivez_ci4_final_repo\\app\\Views\\student_dashboard\\viewresearch.php', 29)
 2 SYSTEMPATH\View\View.php(228): include('C:\\laragon\\www\\archivez_ci4_final_repo\\app\\Views\\student_dashboard\\viewresearch.php')
 3 SYSTEMPATH\View\View.php(231): CodeIgniter\View\View->CodeIgniter\View\{closure}()
 4 SYSTEMPATH\View\View.php(469): CodeIgniter\View\View->render('/student_dashboard/viewresearch', null, true)
 5 APPPATH\Views\studentdashboardview\viewresearch.php(6): CodeIgniter\View\View->include('/student_dashboard/viewresearch')
 6 SYSTEMPATH\View\View.php(228): include('C:\\laragon\\www\\archivez_ci4_final_repo\\app\\Views\\studentdashboardview\\viewresearch.php')
 7 SYSTEMPATH\View\View.php(231): CodeIgniter\View\View->CodeIgniter\View\{closure}()
 8 SYSTEMPATH\Common.php(1190): CodeIgniter\View\View->render('studentdashboardview/viewresearch', [], true)
 9 APPPATH\Controllers\ResearchController.php(225): view('studentdashboardview/viewresearch', [...])
10 SYSTEMPATH\CodeIgniter.php(942): App\Controllers\ResearchController->bookmarkdetails('1')
11 SYSTEMPATH\CodeIgniter.php(502): CodeIgniter\CodeIgniter->runController(Object(App\Controllers\ResearchController))
12 SYSTEMPATH\CodeIgniter.php(361): CodeIgniter\CodeIgniter->handleRequest(null, Object(Config\Cache), false)
13 FCPATH\index.php(79): CodeIgniter\CodeIgniter->run()
14 SYSTEMPATH\Commands\Server\rewrite.php(47): require_once('C:\\laragon\\www\\archivez_ci4_final_repo\\public\\index.php')
CRITICAL - 2023-12-09 06:26:25 --> Undefined variable $output
in APPPATH\Views\student_dashboard\viewresearch.php on line 29.
 1 APPPATH\Views\student_dashboard\viewresearch.php(29): CodeIgniter\Debug\Exceptions->errorHandler(2, 'Undefined variable $output', 'C:\\laragon\\www\\archivez_ci4_final_repo\\app\\Views\\student_dashboard\\viewresearch.php', 29)
 2 SYSTEMPATH\View\View.php(228): include('C:\\laragon\\www\\archivez_ci4_final_repo\\app\\Views\\student_dashboard\\viewresearch.php')
 3 SYSTEMPATH\View\View.php(231): CodeIgniter\View\View->CodeIgniter\View\{closure}()
 4 SYSTEMPATH\View\View.php(469): CodeIgniter\View\View->render('/student_dashboard/viewresearch', null, true)
 5 APPPATH\Views\studentdashboardview\viewresearch.php(6): CodeIgniter\View\View->include('/student_dashboard/viewresearch')
 6 SYSTEMPATH\View\View.php(228): include('C:\\laragon\\www\\archivez_ci4_final_repo\\app\\Views\\studentdashboardview\\viewresearch.php')
 7 SYSTEMPATH\View\View.php(231): CodeIgniter\View\View->CodeIgniter\View\{closure}()
 8 SYSTEMPATH\Common.php(1190): CodeIgniter\View\View->render('studentdashboardview/viewresearch', [], true)
 9 APPPATH\Controllers\ResearchController.php(225): view('studentdashboardview/viewresearch', [...])
10 SYSTEMPATH\CodeIgniter.php(942): App\Controllers\ResearchController->bookmarkdetails('1')
11 SYSTEMPATH\CodeIgniter.php(502): CodeIgniter\CodeIgniter->runController(Object(App\Controllers\ResearchController))
12 SYSTEMPATH\CodeIgniter.php(361): CodeIgniter\CodeIgniter->handleRequest(null, Object(Config\Cache), false)
13 FCPATH\index.php(79): CodeIgniter\CodeIgniter->run()
14 SYSTEMPATH\Commands\Server\rewrite.php(47): require_once('C:\\laragon\\www\\archivez_ci4_final_repo\\public\\index.php')
CRITICAL - 2023-12-09 09:07:12 --> Invalid file: "studentdashboardview/studentprofile.php"
in SYSTEMPATH\Exceptions\FrameworkException.php on line 39.
 1 SYSTEMPATH\View\View.php(216): CodeIgniter\Exceptions\FrameworkException::forInvalidFile('studentdashboardview/studentprofile.php')
 2 SYSTEMPATH\Common.php(1190): CodeIgniter\View\View->render('studentdashboardview/studentprofile', [], true)
 3 APPPATH\Controllers\ResearchController.php(252): view('studentdashboardview/studentprofile', [...])
 4 SYSTEMPATH\CodeIgniter.php(942): App\Controllers\ResearchController->archive('17')
 5 SYSTEMPATH\CodeIgniter.php(502): CodeIgniter\CodeIgniter->runController(Object(App\Controllers\ResearchController))
 6 SYSTEMPATH\CodeIgniter.php(361): CodeIgniter\CodeIgniter->handleRequest(null, Object(Config\Cache), false)
 7 FCPATH\index.php(79): CodeIgniter\CodeIgniter->run()
 8 SYSTEMPATH\Commands\Server\rewrite.php(47): require_once('C:\\laragon\\www\\archivez_ci4_final_repo\\public\\index.php')
CRITICAL - 2023-12-09 09:07:33 --> Undefined variable $output
in APPPATH\Views\student_dashboard\profile.php on line 140.
 1 APPPATH\Views\student_dashboard\profile.php(140): CodeIgniter\Debug\Exceptions->errorHandler(2, 'Undefined variable $output', 'C:\\laragon\\www\\archivez_ci4_final_repo\\app\\Views\\student_dashboard\\profile.php', 140)
 2 SYSTEMPATH\View\View.php(228): include('C:\\laragon\\www\\archivez_ci4_final_repo\\app\\Views\\student_dashboard\\profile.php')
 3 SYSTEMPATH\View\View.php(231): CodeIgniter\View\View->CodeIgniter\View\{closure}()
 4 SYSTEMPATH\View\View.php(469): CodeIgniter\View\View->render('/student_dashboard/profile', null, true)
 5 APPPATH\Views\studentdashboardview\myprofile.php(6): CodeIgniter\View\View->include('/student_dashboard/profile')
 6 SYSTEMPATH\View\View.php(228): include('C:\\laragon\\www\\archivez_ci4_final_repo\\app\\Views\\studentdashboardview\\myprofile.php')
 7 SYSTEMPATH\View\View.php(231): CodeIgniter\View\View->CodeIgniter\View\{closure}()
 8 SYSTEMPATH\Common.php(1190): CodeIgniter\View\View->render('studentdashboardview/myprofile', [], true)
 9 APPPATH\Controllers\ResearchController.php(252): view('studentdashboardview/myprofile', [...])
10 SYSTEMPATH\CodeIgniter.php(942): App\Controllers\ResearchController->archive('17')
11 SYSTEMPATH\CodeIgniter.php(502): CodeIgniter\CodeIgniter->runController(Object(App\Controllers\ResearchController))
12 SYSTEMPATH\CodeIgniter.php(361): CodeIgniter\CodeIgniter->handleRequest(null, Object(Config\Cache), false)
13 FCPATH\index.php(79): CodeIgniter\CodeIgniter->run()
14 SYSTEMPATH\Commands\Server\rewrite.php(47): require_once('C:\\laragon\\www\\archivez_ci4_final_repo\\public\\index.php')
CRITICAL - 2023-12-09 09:15:26 --> Undefined array key "id"
in APPPATH\Views\student_dashboard\archive.php on line 60.
 1 APPPATH\Views\student_dashboard\archive.php(60): CodeIgniter\Debug\Exceptions->errorHandler(2, 'Undefined array key "id"', 'C:\\laragon\\www\\archivez_ci4_final_repo\\app\\Views\\student_dashboard\\archive.php', 60)
 2 SYSTEMPATH\View\View.php(228): include('C:\\laragon\\www\\archivez_ci4_final_repo\\app\\Views\\student_dashboard\\archive.php')
 3 SYSTEMPATH\View\View.php(231): CodeIgniter\View\View->CodeIgniter\View\{closure}()
 4 SYSTEMPATH\View\View.php(469): CodeIgniter\View\View->render('/student_dashboard/archive', null, true)
 5 APPPATH\Views\studentdashboardview\archive.php(6): CodeIgniter\View\View->include('/student_dashboard/archive')
 6 SYSTEMPATH\View\View.php(228): include('C:\\laragon\\www\\archivez_ci4_final_repo\\app\\Views\\studentdashboardview\\archive.php')
 7 SYSTEMPATH\View\View.php(231): CodeIgniter\View\View->CodeIgniter\View\{closure}()
 8 SYSTEMPATH\Common.php(1190): CodeIgniter\View\View->render('studentdashboardview/archive', [], true)
 9 APPPATH\Controllers\ResearchController.php(287): view('studentdashboardview/archive', [...])
10 SYSTEMPATH\CodeIgniter.php(942): App\Controllers\ResearchController->archives()
11 SYSTEMPATH\CodeIgniter.php(502): CodeIgniter\CodeIgniter->runController(Object(App\Controllers\ResearchController))
12 SYSTEMPATH\CodeIgniter.php(361): CodeIgniter\CodeIgniter->handleRequest(null, Object(Config\Cache), false)
13 FCPATH\index.php(79): CodeIgniter\CodeIgniter->run()
14 SYSTEMPATH\Commands\Server\rewrite.php(47): require_once('C:\\laragon\\www\\archivez_ci4_final_repo\\public\\index.php')
CRITICAL - 2023-12-09 11:17:19 --> Undefined variable $user
in APPPATH\Views\student_dashboard\profile.php on line 20.
 1 APPPATH\Views\student_dashboard\profile.php(20): CodeIgniter\Debug\Exceptions->errorHandler(2, 'Undefined variable $user', 'C:\\laragon\\www\\archivez_ci4_final_repo\\app\\Views\\student_dashboard\\profile.php', 20)
 2 SYSTEMPATH\View\View.php(228): include('C:\\laragon\\www\\archivez_ci4_final_repo\\app\\Views\\student_dashboard\\profile.php')
 3 SYSTEMPATH\View\View.php(231): CodeIgniter\View\View->CodeIgniter\View\{closure}()
 4 SYSTEMPATH\View\View.php(469): CodeIgniter\View\View->render('/student_dashboard/profile', null, true)
 5 APPPATH\Views\studentdashboardview\myprofile.php(6): CodeIgniter\View\View->include('/student_dashboard/profile')
 6 SYSTEMPATH\View\View.php(228): include('C:\\laragon\\www\\archivez_ci4_final_repo\\app\\Views\\studentdashboardview\\myprofile.php')
 7 SYSTEMPATH\View\View.php(231): CodeIgniter\View\View->CodeIgniter\View\{closure}()
 8 SYSTEMPATH\Common.php(1190): CodeIgniter\View\View->render('studentdashboardview/myprofile', [], true)
 9 APPPATH\Controllers\StudentDashboardController.php(36): view('studentdashboardview/myprofile', [...])
10 SYSTEMPATH\CodeIgniter.php(942): App\Controllers\StudentDashboardController->studentprofile()
11 SYSTEMPATH\CodeIgniter.php(502): CodeIgniter\CodeIgniter->runController(Object(App\Controllers\StudentDashboardController))
12 SYSTEMPATH\CodeIgniter.php(361): CodeIgniter\CodeIgniter->handleRequest(null, Object(Config\Cache), false)
13 FCPATH\index.php(79): CodeIgniter\CodeIgniter->run()
14 SYSTEMPATH\Commands\Server\rewrite.php(47): require_once('C:\\laragon\\www\\archivez_ci4_final_repo\\public\\index.php')
CRITICAL - 2023-12-09 11:18:53 --> Undefined variable $user
in APPPATH\Views\student_dashboard\profile.php on line 20.
 1 APPPATH\Views\student_dashboard\profile.php(20): CodeIgniter\Debug\Exceptions->errorHandler(2, 'Undefined variable $user', 'C:\\laragon\\www\\archivez_ci4_final_repo\\app\\Views\\student_dashboard\\profile.php', 20)
 2 SYSTEMPATH\View\View.php(228): include('C:\\laragon\\www\\archivez_ci4_final_repo\\app\\Views\\student_dashboard\\profile.php')
 3 SYSTEMPATH\View\View.php(231): CodeIgniter\View\View->CodeIgniter\View\{closure}()
 4 SYSTEMPATH\View\View.php(469): CodeIgniter\View\View->render('/student_dashboard/profile', null, true)
 5 APPPATH\Views\studentdashboardview\myprofile.php(6): CodeIgniter\View\View->include('/student_dashboard/profile')
 6 SYSTEMPATH\View\View.php(228): include('C:\\laragon\\www\\archivez_ci4_final_repo\\app\\Views\\studentdashboardview\\myprofile.php')
 7 SYSTEMPATH\View\View.php(231): CodeIgniter\View\View->CodeIgniter\View\{closure}()
 8 SYSTEMPATH\Common.php(1190): CodeIgniter\View\View->render('studentdashboardview/myprofile', [], true)
 9 APPPATH\Controllers\StudentDashboardController.php(36): view('studentdashboardview/myprofile', [...])
10 SYSTEMPATH\CodeIgniter.php(942): App\Controllers\StudentDashboardController->studentprofile()
11 SYSTEMPATH\CodeIgniter.php(502): CodeIgniter\CodeIgniter->runController(Object(App\Controllers\StudentDashboardController))
12 SYSTEMPATH\CodeIgniter.php(361): CodeIgniter\CodeIgniter->handleRequest(null, Object(Config\Cache), false)
13 FCPATH\index.php(79): CodeIgniter\CodeIgniter->run()
14 SYSTEMPATH\Commands\Server\rewrite.php(47): require_once('C:\\laragon\\www\\archivez_ci4_final_repo\\public\\index.php')
CRITICAL - 2023-12-09 11:19:15 --> Undefined variable $user
in APPPATH\Views\student_dashboard\profile.php on line 20.
 1 APPPATH\Views\student_dashboard\profile.php(20): CodeIgniter\Debug\Exceptions->errorHandler(2, 'Undefined variable $user', 'C:\\laragon\\www\\archivez_ci4_final_repo\\app\\Views\\student_dashboard\\profile.php', 20)
 2 SYSTEMPATH\View\View.php(228): include('C:\\laragon\\www\\archivez_ci4_final_repo\\app\\Views\\student_dashboard\\profile.php')
 3 SYSTEMPATH\View\View.php(231): CodeIgniter\View\View->CodeIgniter\View\{closure}()
 4 SYSTEMPATH\View\View.php(469): CodeIgniter\View\View->render('/student_dashboard/profile', null, true)
 5 APPPATH\Views\studentdashboardview\myprofile.php(6): CodeIgniter\View\View->include('/student_dashboard/profile')
 6 SYSTEMPATH\View\View.php(228): include('C:\\laragon\\www\\archivez_ci4_final_repo\\app\\Views\\studentdashboardview\\myprofile.php')
 7 SYSTEMPATH\View\View.php(231): CodeIgniter\View\View->CodeIgniter\View\{closure}()
 8 SYSTEMPATH\Common.php(1190): CodeIgniter\View\View->render('studentdashboardview/myprofile', [], true)
 9 APPPATH\Controllers\StudentDashboardController.php(36): view('studentdashboardview/myprofile', [...])
10 SYSTEMPATH\CodeIgniter.php(942): App\Controllers\StudentDashboardController->studentprofile()
11 SYSTEMPATH\CodeIgniter.php(502): CodeIgniter\CodeIgniter->runController(Object(App\Controllers\StudentDashboardController))
12 SYSTEMPATH\CodeIgniter.php(361): CodeIgniter\CodeIgniter->handleRequest(null, Object(Config\Cache), false)
13 FCPATH\index.php(79): CodeIgniter\CodeIgniter->run()
14 SYSTEMPATH\Commands\Server\rewrite.php(47): require_once('C:\\laragon\\www\\archivez_ci4_final_repo\\public\\index.php')
CRITICAL - 2023-12-09 11:19:17 --> Undefined variable $user
in APPPATH\Views\student_dashboard\profile.php on line 20.
 1 APPPATH\Views\student_dashboard\profile.php(20): CodeIgniter\Debug\Exceptions->errorHandler(2, 'Undefined variable $user', 'C:\\laragon\\www\\archivez_ci4_final_repo\\app\\Views\\student_dashboard\\profile.php', 20)
 2 SYSTEMPATH\View\View.php(228): include('C:\\laragon\\www\\archivez_ci4_final_repo\\app\\Views\\student_dashboard\\profile.php')
 3 SYSTEMPATH\View\View.php(231): CodeIgniter\View\View->CodeIgniter\View\{closure}()
 4 SYSTEMPATH\View\View.php(469): CodeIgniter\View\View->render('/student_dashboard/profile', null, true)
 5 APPPATH\Views\studentdashboardview\myprofile.php(6): CodeIgniter\View\View->include('/student_dashboard/profile')
 6 SYSTEMPATH\View\View.php(228): include('C:\\laragon\\www\\archivez_ci4_final_repo\\app\\Views\\studentdashboardview\\myprofile.php')
 7 SYSTEMPATH\View\View.php(231): CodeIgniter\View\View->CodeIgniter\View\{closure}()
 8 SYSTEMPATH\Common.php(1190): CodeIgniter\View\View->render('studentdashboardview/myprofile', [], true)
 9 APPPATH\Controllers\StudentDashboardController.php(36): view('studentdashboardview/myprofile', [...])
10 SYSTEMPATH\CodeIgniter.php(942): App\Controllers\StudentDashboardController->studentprofile()
11 SYSTEMPATH\CodeIgniter.php(502): CodeIgniter\CodeIgniter->runController(Object(App\Controllers\StudentDashboardController))
12 SYSTEMPATH\CodeIgniter.php(361): CodeIgniter\CodeIgniter->handleRequest(null, Object(Config\Cache), false)
13 FCPATH\index.php(79): CodeIgniter\CodeIgniter->run()
14 SYSTEMPATH\Commands\Server\rewrite.php(47): require_once('C:\\laragon\\www\\archivez_ci4_final_repo\\public\\index.php')
CRITICAL - 2023-12-09 11:19:18 --> Undefined variable $user
in APPPATH\Views\student_dashboard\profile.php on line 20.
 1 APPPATH\Views\student_dashboard\profile.php(20): CodeIgniter\Debug\Exceptions->errorHandler(2, 'Undefined variable $user', 'C:\\laragon\\www\\archivez_ci4_final_repo\\app\\Views\\student_dashboard\\profile.php', 20)
 2 SYSTEMPATH\View\View.php(228): include('C:\\laragon\\www\\archivez_ci4_final_repo\\app\\Views\\student_dashboard\\profile.php')
 3 SYSTEMPATH\View\View.php(231): CodeIgniter\View\View->CodeIgniter\View\{closure}()
 4 SYSTEMPATH\View\View.php(469): CodeIgniter\View\View->render('/student_dashboard/profile', null, true)
 5 APPPATH\Views\studentdashboardview\myprofile.php(6): CodeIgniter\View\View->include('/student_dashboard/profile')
 6 SYSTEMPATH\View\View.php(228): include('C:\\laragon\\www\\archivez_ci4_final_repo\\app\\Views\\studentdashboardview\\myprofile.php')
 7 SYSTEMPATH\View\View.php(231): CodeIgniter\View\View->CodeIgniter\View\{closure}()
 8 SYSTEMPATH\Common.php(1190): CodeIgniter\View\View->render('studentdashboardview/myprofile', [], true)
 9 APPPATH\Controllers\StudentDashboardController.php(36): view('studentdashboardview/myprofile', [...])
10 SYSTEMPATH\CodeIgniter.php(942): App\Controllers\StudentDashboardController->studentprofile()
11 SYSTEMPATH\CodeIgniter.php(502): CodeIgniter\CodeIgniter->runController(Object(App\Controllers\StudentDashboardController))
12 SYSTEMPATH\CodeIgniter.php(361): CodeIgniter\CodeIgniter->handleRequest(null, Object(Config\Cache), false)
13 FCPATH\index.php(79): CodeIgniter\CodeIgniter->run()
14 SYSTEMPATH\Commands\Server\rewrite.php(47): require_once('C:\\laragon\\www\\archivez_ci4_final_repo\\public\\index.php')
CRITICAL - 2023-12-09 11:19:18 --> Undefined variable $user
in APPPATH\Views\student_dashboard\profile.php on line 20.
 1 APPPATH\Views\student_dashboard\profile.php(20): CodeIgniter\Debug\Exceptions->errorHandler(2, 'Undefined variable $user', 'C:\\laragon\\www\\archivez_ci4_final_repo\\app\\Views\\student_dashboard\\profile.php', 20)
 2 SYSTEMPATH\View\View.php(228): include('C:\\laragon\\www\\archivez_ci4_final_repo\\app\\Views\\student_dashboard\\profile.php')
 3 SYSTEMPATH\View\View.php(231): CodeIgniter\View\View->CodeIgniter\View\{closure}()
 4 SYSTEMPATH\View\View.php(469): CodeIgniter\View\View->render('/student_dashboard/profile', null, true)
 5 APPPATH\Views\studentdashboardview\myprofile.php(6): CodeIgniter\View\View->include('/student_dashboard/profile')
 6 SYSTEMPATH\View\View.php(228): include('C:\\laragon\\www\\archivez_ci4_final_repo\\app\\Views\\studentdashboardview\\myprofile.php')
 7 SYSTEMPATH\View\View.php(231): CodeIgniter\View\View->CodeIgniter\View\{closure}()
 8 SYSTEMPATH\Common.php(1190): CodeIgniter\View\View->render('studentdashboardview/myprofile', [], true)
 9 APPPATH\Controllers\StudentDashboardController.php(36): view('studentdashboardview/myprofile', [...])
10 SYSTEMPATH\CodeIgniter.php(942): App\Controllers\StudentDashboardController->studentprofile()
11 SYSTEMPATH\CodeIgniter.php(502): CodeIgniter\CodeIgniter->runController(Object(App\Controllers\StudentDashboardController))
12 SYSTEMPATH\CodeIgniter.php(361): CodeIgniter\CodeIgniter->handleRequest(null, Object(Config\Cache), false)
13 FCPATH\index.php(79): CodeIgniter\CodeIgniter->run()
14 SYSTEMPATH\Commands\Server\rewrite.php(47): require_once('C:\\laragon\\www\\archivez_ci4_final_repo\\public\\index.php')
CRITICAL - 2023-12-09 11:19:21 --> Undefined variable $user
in APPPATH\Views\student_dashboard\profile.php on line 20.
 1 APPPATH\Views\student_dashboard\profile.php(20): CodeIgniter\Debug\Exceptions->errorHandler(2, 'Undefined variable $user', 'C:\\laragon\\www\\archivez_ci4_final_repo\\app\\Views\\student_dashboard\\profile.php', 20)
 2 SYSTEMPATH\View\View.php(228): include('C:\\laragon\\www\\archivez_ci4_final_repo\\app\\Views\\student_dashboard\\profile.php')
 3 SYSTEMPATH\View\View.php(231): CodeIgniter\View\View->CodeIgniter\View\{closure}()
 4 SYSTEMPATH\View\View.php(469): CodeIgniter\View\View->render('/student_dashboard/profile', null, true)
 5 APPPATH\Views\studentdashboardview\myprofile.php(6): CodeIgniter\View\View->include('/student_dashboard/profile')
 6 SYSTEMPATH\View\View.php(228): include('C:\\laragon\\www\\archivez_ci4_final_repo\\app\\Views\\studentdashboardview\\myprofile.php')
 7 SYSTEMPATH\View\View.php(231): CodeIgniter\View\View->CodeIgniter\View\{closure}()
 8 SYSTEMPATH\Common.php(1190): CodeIgniter\View\View->render('studentdashboardview/myprofile', [], true)
 9 APPPATH\Controllers\StudentDashboardController.php(36): view('studentdashboardview/myprofile', [...])
10 SYSTEMPATH\CodeIgniter.php(942): App\Controllers\StudentDashboardController->studentprofile()
11 SYSTEMPATH\CodeIgniter.php(502): CodeIgniter\CodeIgniter->runController(Object(App\Controllers\StudentDashboardController))
12 SYSTEMPATH\CodeIgniter.php(361): CodeIgniter\CodeIgniter->handleRequest(null, Object(Config\Cache), false)
13 FCPATH\index.php(79): CodeIgniter\CodeIgniter->run()
14 SYSTEMPATH\Commands\Server\rewrite.php(47): require_once('C:\\laragon\\www\\archivez_ci4_final_repo\\public\\index.php')
CRITICAL - 2023-12-09 11:20:16 --> Undefined variable $user
in APPPATH\Views\student_dashboard\profile.php on line 20.
 1 APPPATH\Views\student_dashboard\profile.php(20): CodeIgniter\Debug\Exceptions->errorHandler(2, 'Undefined variable $user', 'C:\\laragon\\www\\archivez_ci4_final_repo\\app\\Views\\student_dashboard\\profile.php', 20)
 2 SYSTEMPATH\View\View.php(228): include('C:\\laragon\\www\\archivez_ci4_final_repo\\app\\Views\\student_dashboard\\profile.php')
 3 SYSTEMPATH\View\View.php(231): CodeIgniter\View\View->CodeIgniter\View\{closure}()
 4 SYSTEMPATH\View\View.php(469): CodeIgniter\View\View->render('/student_dashboard/profile', null, true)
 5 APPPATH\Views\studentdashboardview\myprofile.php(6): CodeIgniter\View\View->include('/student_dashboard/profile')
 6 SYSTEMPATH\View\View.php(228): include('C:\\laragon\\www\\archivez_ci4_final_repo\\app\\Views\\studentdashboardview\\myprofile.php')
 7 SYSTEMPATH\View\View.php(231): CodeIgniter\View\View->CodeIgniter\View\{closure}()
 8 SYSTEMPATH\Common.php(1190): CodeIgniter\View\View->render('studentdashboardview/myprofile', [], true)
 9 APPPATH\Controllers\StudentDashboardController.php(36): view('studentdashboardview/myprofile', [...])
10 SYSTEMPATH\CodeIgniter.php(942): App\Controllers\StudentDashboardController->studentprofile()
11 SYSTEMPATH\CodeIgniter.php(502): CodeIgniter\CodeIgniter->runController(Object(App\Controllers\StudentDashboardController))
12 SYSTEMPATH\CodeIgniter.php(361): CodeIgniter\CodeIgniter->handleRequest(null, Object(Config\Cache), false)
13 FCPATH\index.php(79): CodeIgniter\CodeIgniter->run()
14 SYSTEMPATH\Commands\Server\rewrite.php(47): require_once('C:\\laragon\\www\\archivez_ci4_final_repo\\public\\index.php')
CRITICAL - 2023-12-09 11:20:59 --> Undefined variable $user
in APPPATH\Views\student_dashboard\profile.php on line 15.
 1 APPPATH\Views\student_dashboard\profile.php(15): CodeIgniter\Debug\Exceptions->errorHandler(2, 'Undefined variable $user', 'C:\\laragon\\www\\archivez_ci4_final_repo\\app\\Views\\student_dashboard\\profile.php', 15)
 2 SYSTEMPATH\View\View.php(228): include('C:\\laragon\\www\\archivez_ci4_final_repo\\app\\Views\\student_dashboard\\profile.php')
 3 SYSTEMPATH\View\View.php(231): CodeIgniter\View\View->CodeIgniter\View\{closure}()
 4 SYSTEMPATH\View\View.php(469): CodeIgniter\View\View->render('/student_dashboard/profile', null, true)
 5 APPPATH\Views\studentdashboardview\myprofile.php(6): CodeIgniter\View\View->include('/student_dashboard/profile')
 6 SYSTEMPATH\View\View.php(228): include('C:\\laragon\\www\\archivez_ci4_final_repo\\app\\Views\\studentdashboardview\\myprofile.php')
 7 SYSTEMPATH\View\View.php(231): CodeIgniter\View\View->CodeIgniter\View\{closure}()
 8 SYSTEMPATH\Common.php(1190): CodeIgniter\View\View->render('studentdashboardview/myprofile', [], true)
 9 APPPATH\Controllers\StudentDashboardController.php(36): view('studentdashboardview/myprofile', [...])
10 SYSTEMPATH\CodeIgniter.php(942): App\Controllers\StudentDashboardController->studentprofile()
11 SYSTEMPATH\CodeIgniter.php(502): CodeIgniter\CodeIgniter->runController(Object(App\Controllers\StudentDashboardController))
12 SYSTEMPATH\CodeIgniter.php(361): CodeIgniter\CodeIgniter->handleRequest(null, Object(Config\Cache), false)
13 FCPATH\index.php(79): CodeIgniter\CodeIgniter->run()
14 SYSTEMPATH\Commands\Server\rewrite.php(47): require_once('C:\\laragon\\www\\archivez_ci4_final_repo\\public\\index.php')
CRITICAL - 2023-12-09 11:21:08 --> Undefined variable $user
in APPPATH\Views\student_dashboard\profile.php on line 15.
 1 APPPATH\Views\student_dashboard\profile.php(15): CodeIgniter\Debug\Exceptions->errorHandler(2, 'Undefined variable $user', 'C:\\laragon\\www\\archivez_ci4_final_repo\\app\\Views\\student_dashboard\\profile.php', 15)
 2 SYSTEMPATH\View\View.php(228): include('C:\\laragon\\www\\archivez_ci4_final_repo\\app\\Views\\student_dashboard\\profile.php')
 3 SYSTEMPATH\View\View.php(231): CodeIgniter\View\View->CodeIgniter\View\{closure}()
 4 SYSTEMPATH\View\View.php(469): CodeIgniter\View\View->render('/student_dashboard/profile', null, true)
 5 APPPATH\Views\studentdashboardview\myprofile.php(6): CodeIgniter\View\View->include('/student_dashboard/profile')
 6 SYSTEMPATH\View\View.php(228): include('C:\\laragon\\www\\archivez_ci4_final_repo\\app\\Views\\studentdashboardview\\myprofile.php')
 7 SYSTEMPATH\View\View.php(231): CodeIgniter\View\View->CodeIgniter\View\{closure}()
 8 SYSTEMPATH\Common.php(1190): CodeIgniter\View\View->render('studentdashboardview/myprofile', [], true)
 9 APPPATH\Controllers\StudentDashboardController.php(36): view('studentdashboardview/myprofile', [...])
10 SYSTEMPATH\CodeIgniter.php(942): App\Controllers\StudentDashboardController->studentprofile()
11 SYSTEMPATH\CodeIgniter.php(502): CodeIgniter\CodeIgniter->runController(Object(App\Controllers\StudentDashboardController))
12 SYSTEMPATH\CodeIgniter.php(361): CodeIgniter\CodeIgniter->handleRequest(null, Object(Config\Cache), false)
13 FCPATH\index.php(79): CodeIgniter\CodeIgniter->run()
14 SYSTEMPATH\Commands\Server\rewrite.php(47): require_once('C:\\laragon\\www\\archivez_ci4_final_repo\\public\\index.php')
