CRITICAL - 2023-12-08 04:32:55 --> Undefined variable $research
in APPPATH\Views\student_dashboard\researchoutputs.php on line 37.
 1 APPPATH\Views\student_dashboard\researchoutputs.php(37): CodeIgniter\Debug\Exceptions->errorHandler(2, 'Undefined variable $research', 'C:\\laragon\\www\\archivez_ci4_final_repo\\app\\Views\\student_dashboard\\researchoutputs.php', 37)
 2 SYSTEMPATH\View\View.php(228): include('C:\\laragon\\www\\archivez_ci4_final_repo\\app\\Views\\student_dashboard\\researchoutputs.php')
 3 SYSTEMPATH\View\View.php(231): CodeIgniter\View\View->CodeIgniter\View\{closure}()
 4 SYSTEMPATH\View\View.php(469): CodeIgniter\View\View->render('/student_dashboard/researchoutputs', null, true)
 5 APPPATH\Views\studentdashboardview\researchoutputs.php(6): CodeIgniter\View\View->include('/student_dashboard/researchoutputs')
 6 SYSTEMPATH\View\View.php(228): include('C:\\laragon\\www\\archivez_ci4_final_repo\\app\\Views\\studentdashboardview\\researchoutputs.php')
 7 SYSTEMPATH\View\View.php(231): CodeIgniter\View\View->CodeIgniter\View\{closure}()
 8 SYSTEMPATH\Common.php(1190): CodeIgniter\View\View->render('studentdashboardview/researchoutputs', [], true)
 9 APPPATH\Controllers\ResearchOutputController.php(59): view('studentdashboardview/researchoutputs', [...])
10 SYSTEMPATH\CodeIgniter.php(942): App\Controllers\ResearchOutputController->addnewresearch()
11 SYSTEMPATH\CodeIgniter.php(502): CodeIgniter\CodeIgniter->runController(Object(App\Controllers\ResearchOutputController))
12 SYSTEMPATH\CodeIgniter.php(361): CodeIgniter\CodeIgniter->handleRequest(null, Object(Config\Cache), false)
13 FCPATH\index.php(79): CodeIgniter\CodeIgniter->run()
14 SYSTEMPATH\Commands\Server\rewrite.php(47): require_once('C:\\laragon\\www\\archivez_ci4_final_repo\\public\\index.php')
CRITICAL - 2023-12-08 04:33:56 --> Undefined variable $research
in APPPATH\Views\student_dashboard\researchoutputs.php on line 37.
 1 APPPATH\Views\student_dashboard\researchoutputs.php(37): CodeIgniter\Debug\Exceptions->errorHandler(2, 'Undefined variable $research', 'C:\\laragon\\www\\archivez_ci4_final_repo\\app\\Views\\student_dashboard\\researchoutputs.php', 37)
 2 SYSTEMPATH\View\View.php(228): include('C:\\laragon\\www\\archivez_ci4_final_repo\\app\\Views\\student_dashboard\\researchoutputs.php')
 3 SYSTEMPATH\View\View.php(231): CodeIgniter\View\View->CodeIgniter\View\{closure}()
 4 SYSTEMPATH\View\View.php(469): CodeIgniter\View\View->render('/student_dashboard/researchoutputs', null, true)
 5 APPPATH\Views\studentdashboardview\researchoutputs.php(6): CodeIgniter\View\View->include('/student_dashboard/researchoutputs')
 6 SYSTEMPATH\View\View.php(228): include('C:\\laragon\\www\\archivez_ci4_final_repo\\app\\Views\\studentdashboardview\\researchoutputs.php')
 7 SYSTEMPATH\View\View.php(231): CodeIgniter\View\View->CodeIgniter\View\{closure}()
 8 SYSTEMPATH\Common.php(1190): CodeIgniter\View\View->render('studentdashboardview/researchoutputs', [], true)
 9 APPPATH\Controllers\ResearchOutputController.php(59): view('studentdashboardview/researchoutputs', [...])
10 SYSTEMPATH\CodeIgniter.php(942): App\Controllers\ResearchOutputController->addnewresearch()
11 SYSTEMPATH\CodeIgniter.php(502): CodeIgniter\CodeIgniter->runController(Object(App\Controllers\ResearchOutputController))
12 SYSTEMPATH\CodeIgniter.php(361): CodeIgniter\CodeIgniter->handleRequest(null, Object(Config\Cache), false)
13 FCPATH\index.php(79): CodeIgniter\CodeIgniter->run()
14 SYSTEMPATH\Commands\Server\rewrite.php(47): require_once('C:\\laragon\\www\\archivez_ci4_final_repo\\public\\index.php')
CRITICAL - 2023-12-08 04:44:14 --> Undefined variable $research
in APPPATH\Views\student_dashboard\researchpapers.php on line 39.
 1 APPPATH\Views\student_dashboard\researchpapers.php(39): CodeIgniter\Debug\Exceptions->errorHandler(2, 'Undefined variable $research', 'C:\\laragon\\www\\archivez_ci4_final_repo\\app\\Views\\student_dashboard\\researchpapers.php', 39)
 2 SYSTEMPATH\View\View.php(228): include('C:\\laragon\\www\\archivez_ci4_final_repo\\app\\Views\\student_dashboard\\researchpapers.php')
 3 SYSTEMPATH\View\View.php(231): CodeIgniter\View\View->CodeIgniter\View\{closure}()
 4 SYSTEMPATH\View\View.php(469): CodeIgniter\View\View->render('/student_dashboard/researchpapers', null, true)
 5 APPPATH\Views\studentdashboardview\researchpaperview.php(6): CodeIgniter\View\View->include('/student_dashboard/researchpapers')
 6 SYSTEMPATH\View\View.php(228): include('C:\\laragon\\www\\archivez_ci4_final_repo\\app\\Views\\studentdashboardview\\researchpaperview.php')
 7 SYSTEMPATH\View\View.php(231): CodeIgniter\View\View->CodeIgniter\View\{closure}()
 8 SYSTEMPATH\Common.php(1190): CodeIgniter\View\View->render('studentdashboardview/researchpaperview', [], true)
 9 APPPATH\Controllers\ResearchController.php(24): view('studentdashboardview/researchpaperview', [...])
10 SYSTEMPATH\CodeIgniter.php(942): App\Controllers\ResearchController->researchpapers()
11 SYSTEMPATH\CodeIgniter.php(502): CodeIgniter\CodeIgniter->runController(Object(App\Controllers\ResearchController))
12 SYSTEMPATH\CodeIgniter.php(361): CodeIgniter\CodeIgniter->handleRequest(null, Object(Config\Cache), false)
13 FCPATH\index.php(79): CodeIgniter\CodeIgniter->run()
14 SYSTEMPATH\Commands\Server\rewrite.php(47): require_once('C:\\laragon\\www\\archivez_ci4_final_repo\\public\\index.php')
CRITICAL - 2023-12-08 04:44:29 --> Undefined variable $outputs
in APPPATH\Views\student_dashboard\researchpapers.php on line 39.
 1 APPPATH\Views\student_dashboard\researchpapers.php(39): CodeIgniter\Debug\Exceptions->errorHandler(2, 'Undefined variable $outputs', 'C:\\laragon\\www\\archivez_ci4_final_repo\\app\\Views\\student_dashboard\\researchpapers.php', 39)
 2 SYSTEMPATH\View\View.php(228): include('C:\\laragon\\www\\archivez_ci4_final_repo\\app\\Views\\student_dashboard\\researchpapers.php')
 3 SYSTEMPATH\View\View.php(231): CodeIgniter\View\View->CodeIgniter\View\{closure}()
 4 SYSTEMPATH\View\View.php(469): CodeIgniter\View\View->render('/student_dashboard/researchpapers', null, true)
 5 APPPATH\Views\studentdashboardview\researchpaperview.php(6): CodeIgniter\View\View->include('/student_dashboard/researchpapers')
 6 SYSTEMPATH\View\View.php(228): include('C:\\laragon\\www\\archivez_ci4_final_repo\\app\\Views\\studentdashboardview\\researchpaperview.php')
 7 SYSTEMPATH\View\View.php(231): CodeIgniter\View\View->CodeIgniter\View\{closure}()
 8 SYSTEMPATH\Common.php(1190): CodeIgniter\View\View->render('studentdashboardview/researchpaperview', [], true)
 9 APPPATH\Controllers\ResearchController.php(24): view('studentdashboardview/researchpaperview', [...])
10 SYSTEMPATH\CodeIgniter.php(942): App\Controllers\ResearchController->researchpapers()
11 SYSTEMPATH\CodeIgniter.php(502): CodeIgniter\CodeIgniter->runController(Object(App\Controllers\ResearchController))
12 SYSTEMPATH\CodeIgniter.php(361): CodeIgniter\CodeIgniter->handleRequest(null, Object(Config\Cache), false)
13 FCPATH\index.php(79): CodeIgniter\CodeIgniter->run()
14 SYSTEMPATH\Commands\Server\rewrite.php(47): require_once('C:\\laragon\\www\\archivez_ci4_final_repo\\public\\index.php')
CRITICAL - 2023-12-08 04:44:35 --> Undefined variable $outputs
in APPPATH\Views\student_dashboard\researchpapers.php on line 39.
 1 APPPATH\Views\student_dashboard\researchpapers.php(39): CodeIgniter\Debug\Exceptions->errorHandler(2, 'Undefined variable $outputs', 'C:\\laragon\\www\\archivez_ci4_final_repo\\app\\Views\\student_dashboard\\researchpapers.php', 39)
 2 SYSTEMPATH\View\View.php(228): include('C:\\laragon\\www\\archivez_ci4_final_repo\\app\\Views\\student_dashboard\\researchpapers.php')
 3 SYSTEMPATH\View\View.php(231): CodeIgniter\View\View->CodeIgniter\View\{closure}()
 4 SYSTEMPATH\View\View.php(469): CodeIgniter\View\View->render('/student_dashboard/researchpapers', null, true)
 5 APPPATH\Views\studentdashboardview\researchpaperview.php(6): CodeIgniter\View\View->include('/student_dashboard/researchpapers')
 6 SYSTEMPATH\View\View.php(228): include('C:\\laragon\\www\\archivez_ci4_final_repo\\app\\Views\\studentdashboardview\\researchpaperview.php')
 7 SYSTEMPATH\View\View.php(231): CodeIgniter\View\View->CodeIgniter\View\{closure}()
 8 SYSTEMPATH\Common.php(1190): CodeIgniter\View\View->render('studentdashboardview/researchpaperview', [], true)
 9 APPPATH\Controllers\ResearchController.php(24): view('studentdashboardview/researchpaperview', [...])
10 SYSTEMPATH\CodeIgniter.php(942): App\Controllers\ResearchController->researchpapers()
11 SYSTEMPATH\CodeIgniter.php(502): CodeIgniter\CodeIgniter->runController(Object(App\Controllers\ResearchController))
12 SYSTEMPATH\CodeIgniter.php(361): CodeIgniter\CodeIgniter->handleRequest(null, Object(Config\Cache), false)
13 FCPATH\index.php(79): CodeIgniter\CodeIgniter->run()
14 SYSTEMPATH\Commands\Server\rewrite.php(47): require_once('C:\\laragon\\www\\archivez_ci4_final_repo\\public\\index.php')
CRITICAL - 2023-12-08 04:44:36 --> Undefined variable $outputs
in APPPATH\Views\student_dashboard\researchpapers.php on line 39.
 1 APPPATH\Views\student_dashboard\researchpapers.php(39): CodeIgniter\Debug\Exceptions->errorHandler(2, 'Undefined variable $outputs', 'C:\\laragon\\www\\archivez_ci4_final_repo\\app\\Views\\student_dashboard\\researchpapers.php', 39)
 2 SYSTEMPATH\View\View.php(228): include('C:\\laragon\\www\\archivez_ci4_final_repo\\app\\Views\\student_dashboard\\researchpapers.php')
 3 SYSTEMPATH\View\View.php(231): CodeIgniter\View\View->CodeIgniter\View\{closure}()
 4 SYSTEMPATH\View\View.php(469): CodeIgniter\View\View->render('/student_dashboard/researchpapers', null, true)
 5 APPPATH\Views\studentdashboardview\researchpaperview.php(6): CodeIgniter\View\View->include('/student_dashboard/researchpapers')
 6 SYSTEMPATH\View\View.php(228): include('C:\\laragon\\www\\archivez_ci4_final_repo\\app\\Views\\studentdashboardview\\researchpaperview.php')
 7 SYSTEMPATH\View\View.php(231): CodeIgniter\View\View->CodeIgniter\View\{closure}()
 8 SYSTEMPATH\Common.php(1190): CodeIgniter\View\View->render('studentdashboardview/researchpaperview', [], true)
 9 APPPATH\Controllers\ResearchController.php(24): view('studentdashboardview/researchpaperview', [...])
10 SYSTEMPATH\CodeIgniter.php(942): App\Controllers\ResearchController->researchpapers()
11 SYSTEMPATH\CodeIgniter.php(502): CodeIgniter\CodeIgniter->runController(Object(App\Controllers\ResearchController))
12 SYSTEMPATH\CodeIgniter.php(361): CodeIgniter\CodeIgniter->handleRequest(null, Object(Config\Cache), false)
13 FCPATH\index.php(79): CodeIgniter\CodeIgniter->run()
14 SYSTEMPATH\Commands\Server\rewrite.php(47): require_once('C:\\laragon\\www\\archivez_ci4_final_repo\\public\\index.php')
CRITICAL - 2023-12-08 05:29:18 --> Undefined array key "researchtitle"
in APPPATH\Views\student_dashboard\viewresearch.php on line 6.
 1 APPPATH\Views\student_dashboard\viewresearch.php(6): CodeIgniter\Debug\Exceptions->errorHandler(2, 'Undefined array key "researchtitle"', 'C:\\laragon\\www\\archivez_ci4_final_repo\\app\\Views\\student_dashboard\\viewresearch.php', 6)
 2 SYSTEMPATH\View\View.php(228): include('C:\\laragon\\www\\archivez_ci4_final_repo\\app\\Views\\student_dashboard\\viewresearch.php')
 3 SYSTEMPATH\View\View.php(231): CodeIgniter\View\View->CodeIgniter\View\{closure}()
 4 SYSTEMPATH\View\View.php(469): CodeIgniter\View\View->render('/student_dashboard/viewresearch', null, true)
 5 APPPATH\Views\studentdashboardview\viewresearch.php(6): CodeIgniter\View\View->include('/student_dashboard/viewresearch')
 6 SYSTEMPATH\View\View.php(228): include('C:\\laragon\\www\\archivez_ci4_final_repo\\app\\Views\\studentdashboardview\\viewresearch.php')
 7 SYSTEMPATH\View\View.php(231): CodeIgniter\View\View->CodeIgniter\View\{closure}()
 8 SYSTEMPATH\Common.php(1190): CodeIgniter\View\View->render('studentdashboardview/viewresearch', [], true)
 9 APPPATH\Controllers\ResearchController.php(92): view('studentdashboardview/viewresearch', [...])
10 SYSTEMPATH\CodeIgniter.php(942): App\Controllers\ResearchController->viewresearchpaper()
11 SYSTEMPATH\CodeIgniter.php(502): CodeIgniter\CodeIgniter->runController(Object(App\Controllers\ResearchController))
12 SYSTEMPATH\CodeIgniter.php(361): CodeIgniter\CodeIgniter->handleRequest(null, Object(Config\Cache), false)
13 FCPATH\index.php(79): CodeIgniter\CodeIgniter->run()
14 SYSTEMPATH\Commands\Server\rewrite.php(47): require_once('C:\\laragon\\www\\archivez_ci4_final_repo\\public\\index.php')
CRITICAL - 2023-12-08 06:47:42 --> Invalid file: "studentdashboardview/myresearchout.php"
in SYSTEMPATH\Exceptions\FrameworkException.php on line 39.
 1 SYSTEMPATH\View\View.php(216): CodeIgniter\Exceptions\FrameworkException::forInvalidFile('studentdashboardview/myresearchout.php')
 2 SYSTEMPATH\Common.php(1190): CodeIgniter\View\View->render('studentdashboardview/myresearchout', [], true)
 3 APPPATH\Controllers\ResearchController.php(109): view('studentdashboardview/myresearchout', [...])
 4 SYSTEMPATH\CodeIgniter.php(942): App\Controllers\ResearchController->myresearch()
 5 SYSTEMPATH\CodeIgniter.php(502): CodeIgniter\CodeIgniter->runController(Object(App\Controllers\ResearchController))
 6 SYSTEMPATH\CodeIgniter.php(361): CodeIgniter\CodeIgniter->handleRequest(null, Object(Config\Cache), false)
 7 FCPATH\index.php(79): CodeIgniter\CodeIgniter->run()
 8 SYSTEMPATH\Commands\Server\rewrite.php(47): require_once('C:\\laragon\\www\\archivez_ci4_final_repo\\public\\index.php')
CRITICAL - 2023-12-08 06:55:01 --> Attempt to read property "id" on array
in APPPATH\Controllers\UserController.php on line 95.
 1 APPPATH\Controllers\UserController.php(95): CodeIgniter\Debug\Exceptions->errorHandler(2, 'Attempt to read property "id" on array', 'C:\\laragon\\www\\archivez_ci4_final_repo\\app\\Controllers\\UserController.php', 95)
 2 SYSTEMPATH\CodeIgniter.php(942): App\Controllers\UserController->loginauth()
 3 SYSTEMPATH\CodeIgniter.php(502): CodeIgniter\CodeIgniter->runController(Object(App\Controllers\UserController))
 4 SYSTEMPATH\CodeIgniter.php(361): CodeIgniter\CodeIgniter->handleRequest(null, Object(Config\Cache), false)
 5 FCPATH\index.php(79): CodeIgniter\CodeIgniter->run()
 6 SYSTEMPATH\Commands\Server\rewrite.php(47): require_once('C:\\laragon\\www\\archivez_ci4_final_repo\\public\\index.php')
