ERROR - 2023-12-06 14:53:37 --> Error connecting to the database: mysqli_sql_exception: Access denied for user ''@'localhost' (using password: NO) in C:\laragon\www\archivez_ci4_final_repo\system\Database\MySQLi\Connection.php:185
Stack trace:
#0 C:\laragon\www\archivez_ci4_final_repo\system\Database\MySQLi\Connection.php(185): mysqli->real_connect('localhost', '', '', '', 3306, '', 0)
#1 C:\laragon\www\archivez_ci4_final_repo\system\Database\BaseConnection.php(392): CodeIgniter\Database\MySQLi\Connection->connect(false)
#2 C:\laragon\www\archivez_ci4_final_repo\system\Database\BaseConnection.php(575): CodeIgniter\Database\BaseConnection->initialize()
#3 C:\laragon\www\archivez_ci4_final_repo\system\Database\BaseBuilder.php(1615): CodeIgniter\Database\BaseConnection->query('SELECT 1\nFROM `...', Array, false)
#4 C:\laragon\www\archivez_ci4_final_repo\system\Validation\StrictRules\Rules.php(212): CodeIgniter\Database\BaseBuilder->get()
#5 C:\laragon\www\archivez_ci4_final_repo\system\Validation\Validation.php(311): CodeIgniter\Validation\StrictRules\Rules->is_unique('charmelmontella...', 'email', Array, NULL, 'email')
#6 C:\laragon\www\archivez_ci4_final_repo\system\Validation\Validation.php(197): CodeIgniter\Validation\Validation->processRules('email', 'email', 'charmelmontella...', Array, Array)
#7 C:\laragon\www\archivez_ci4_final_repo\system\Controller.php(152): CodeIgniter\Validation\Validation->run()
#8 C:\laragon\www\archivez_ci4_final_repo\app\Controllers\UserController.php(34): CodeIgniter\Controller->validate(Array)
#9 C:\laragon\www\archivez_ci4_final_repo\system\CodeIgniter.php(942): App\Controllers\UserController->register()
#10 C:\laragon\www\archivez_ci4_final_repo\system\CodeIgniter.php(502): CodeIgniter\CodeIgniter->runController(Object(App\Controllers\UserController))
#11 C:\laragon\www\archivez_ci4_final_repo\system\CodeIgniter.php(361): CodeIgniter\CodeIgniter->handleRequest(NULL, Object(Config\Cache), false)
#12 C:\laragon\www\archivez_ci4_final_repo\public\index.php(79): CodeIgniter\CodeIgniter->run()
#13 C:\laragon\www\archivez_ci4_final_repo\system\Commands\Server\rewrite.php(47): require_once('C:\\laragon\\www\\...')
#14 {main}

Next CodeIgniter\Database\Exceptions\DatabaseException: Access denied for user ''@'localhost' (using password: NO) in C:\laragon\www\archivez_ci4_final_repo\system\Database\MySQLi\Connection.php:229
Stack trace:
#0 C:\laragon\www\archivez_ci4_final_repo\system\Database\BaseConnection.php(392): CodeIgniter\Database\MySQLi\Connection->connect(false)
#1 C:\laragon\www\archivez_ci4_final_repo\system\Database\BaseConnection.php(575): CodeIgniter\Database\BaseConnection->initialize()
#2 C:\laragon\www\archivez_ci4_final_repo\system\Database\BaseBuilder.php(1615): CodeIgniter\Database\BaseConnection->query('SELECT 1\nFROM `...', Array, false)
#3 C:\laragon\www\archivez_ci4_final_repo\system\Validation\StrictRules\Rules.php(212): CodeIgniter\Database\BaseBuilder->get()
#4 C:\laragon\www\archivez_ci4_final_repo\system\Validation\Validation.php(311): CodeIgniter\Validation\StrictRules\Rules->is_unique('charmelmontella...', 'email', Array, NULL, 'email')
#5 C:\laragon\www\archivez_ci4_final_repo\system\Validation\Validation.php(197): CodeIgniter\Validation\Validation->processRules('email', 'email', 'charmelmontella...', Array, Array)
#6 C:\laragon\www\archivez_ci4_final_repo\system\Controller.php(152): CodeIgniter\Validation\Validation->run()
#7 C:\laragon\www\archivez_ci4_final_repo\app\Controllers\UserController.php(34): CodeIgniter\Controller->validate(Array)
#8 C:\laragon\www\archivez_ci4_final_repo\system\CodeIgniter.php(942): App\Controllers\UserController->register()
#9 C:\laragon\www\archivez_ci4_final_repo\system\CodeIgniter.php(502): CodeIgniter\CodeIgniter->runController(Object(App\Controllers\UserController))
#10 C:\laragon\www\archivez_ci4_final_repo\system\CodeIgniter.php(361): CodeIgniter\CodeIgniter->handleRequest(NULL, Object(Config\Cache), false)
#11 C:\laragon\www\archivez_ci4_final_repo\public\index.php(79): CodeIgniter\CodeIgniter->run()
#12 C:\laragon\www\archivez_ci4_final_repo\system\Commands\Server\rewrite.php(47): require_once('C:\\laragon\\www\\...')
#13 {main}
CRITICAL - 2023-12-06 14:53:37 --> Unable to connect to the database.
Main connection [MySQLi]: Access denied for user ''@'localhost' (using password: NO)
in SYSTEMPATH\Database\BaseConnection.php on line 428.
 1 SYSTEMPATH\Database\BaseConnection.php(575): CodeIgniter\Database\BaseConnection->initialize()
 2 SYSTEMPATH\Database\BaseBuilder.php(1615): CodeIgniter\Database\BaseConnection->query('SELECT 1
FROM `users`
WHERE `email` = :email:
 LIMIT 1', [...], false)
 3 SYSTEMPATH\Validation\StrictRules\Rules.php(212): CodeIgniter\Database\BaseBuilder->get()
 4 SYSTEMPATH\Validation\Validation.php(311): CodeIgniter\Validation\StrictRules\Rules->is_unique('charmelmontellano@gmail.com', 'email', [...], null, 'email')
 5 SYSTEMPATH\Validation\Validation.php(197): CodeIgniter\Validation\Validation->processRules('email', 'email', 'charmelmontellano@gmail.com', [...], [...])
 6 SYSTEMPATH\Controller.php(152): CodeIgniter\Validation\Validation->run()
 7 APPPATH\Controllers\UserController.php(34): CodeIgniter\Controller->validate([...])
 8 SYSTEMPATH\CodeIgniter.php(942): App\Controllers\UserController->register()
 9 SYSTEMPATH\CodeIgniter.php(502): CodeIgniter\CodeIgniter->runController(Object(App\Controllers\UserController))
10 SYSTEMPATH\CodeIgniter.php(361): CodeIgniter\CodeIgniter->handleRequest(null, Object(Config\Cache), false)
11 FCPATH\index.php(79): CodeIgniter\CodeIgniter->run()
12 SYSTEMPATH\Commands\Server\rewrite.php(47): require_once('C:\\laragon\\www\\archivez_ci4_final_repo\\public\\index.php')
