CRITICAL - 2023-12-11 03:25:23 --> Undefined variable $prof
in APPPATH\Views\student_dashboard\profile.php on line 9.
 1 APPPATH\Views\student_dashboard\profile.php(9): CodeIgniter\Debug\Exceptions->errorHandler(2, 'Undefined variable $prof', 'C:\\laragon\\www\\archivez_ci4_final_repo\\app\\Views\\student_dashboard\\profile.php', 9)
 2 SYSTEMPATH\View\View.php(228): include('C:\\laragon\\www\\archivez_ci4_final_repo\\app\\Views\\student_dashboard\\profile.php')
 3 SYSTEMPATH\View\View.php(231): CodeIgniter\View\View->CodeIgniter\View\{closure}()
 4 SYSTEMPATH\View\View.php(469): CodeIgniter\View\View->render('/student_dashboard/profile', null, true)
 5 APPPATH\Views\studentdashboardview\myprofile.php(6): CodeIgniter\View\View->include('/student_dashboard/profile')
 6 SYSTEMPATH\View\View.php(228): include('C:\\laragon\\www\\archivez_ci4_final_repo\\app\\Views\\studentdashboardview\\myprofile.php')
 7 SYSTEMPATH\View\View.php(231): CodeIgniter\View\View->CodeIgniter\View\{closure}()
 8 SYSTEMPATH\Common.php(1190): CodeIgniter\View\View->render('studentdashboardview/myprofile', [], true)
 9 APPPATH\Controllers\StudentDashboardController.php(129): view('studentdashboardview/myprofile', [...])
10 SYSTEMPATH\CodeIgniter.php(942): App\Controllers\StudentDashboardController->addprofile()
11 SYSTEMPATH\CodeIgniter.php(502): CodeIgniter\CodeIgniter->runController(Object(App\Controllers\StudentDashboardController))
12 SYSTEMPATH\CodeIgniter.php(361): CodeIgniter\CodeIgniter->handleRequest(null, Object(Config\Cache), false)
13 FCPATH\index.php(79): CodeIgniter\CodeIgniter->run()
14 SYSTEMPATH\Commands\Server\rewrite.php(47): require_once('C:\\laragon\\www\\archivez_ci4_final_repo\\public\\index.php')
CRITICAL - 2023-12-11 03:27:35 --> Undefined variable $prof
in APPPATH\Views\student_dashboard\profile.php on line 9.
 1 APPPATH\Views\student_dashboard\profile.php(9): CodeIgniter\Debug\Exceptions->errorHandler(2, 'Undefined variable $prof', 'C:\\laragon\\www\\archivez_ci4_final_repo\\app\\Views\\student_dashboard\\profile.php', 9)
 2 SYSTEMPATH\View\View.php(228): include('C:\\laragon\\www\\archivez_ci4_final_repo\\app\\Views\\student_dashboard\\profile.php')
 3 SYSTEMPATH\View\View.php(231): CodeIgniter\View\View->CodeIgniter\View\{closure}()
 4 SYSTEMPATH\View\View.php(469): CodeIgniter\View\View->render('/student_dashboard/profile', null, true)
 5 APPPATH\Views\studentdashboardview\myprofile.php(6): CodeIgniter\View\View->include('/student_dashboard/profile')
 6 SYSTEMPATH\View\View.php(228): include('C:\\laragon\\www\\archivez_ci4_final_repo\\app\\Views\\studentdashboardview\\myprofile.php')
 7 SYSTEMPATH\View\View.php(231): CodeIgniter\View\View->CodeIgniter\View\{closure}()
 8 SYSTEMPATH\Common.php(1190): CodeIgniter\View\View->render('studentdashboardview/myprofile', [], true)
 9 APPPATH\Controllers\StudentDashboardController.php(129): view('studentdashboardview/myprofile', [...])
10 SYSTEMPATH\CodeIgniter.php(942): App\Controllers\StudentDashboardController->addprofile()
11 SYSTEMPATH\CodeIgniter.php(502): CodeIgniter\CodeIgniter->runController(Object(App\Controllers\StudentDashboardController))
12 SYSTEMPATH\CodeIgniter.php(361): CodeIgniter\CodeIgniter->handleRequest(null, Object(Config\Cache), false)
13 FCPATH\index.php(79): CodeIgniter\CodeIgniter->run()
14 SYSTEMPATH\Commands\Server\rewrite.php(47): require_once('C:\\laragon\\www\\archivez_ci4_final_repo\\public\\index.php')
CRITICAL - 2023-12-11 03:30:27 --> Undefined variable $prof
in APPPATH\Views\student_dashboard\profile.php on line 9.
 1 APPPATH\Views\student_dashboard\profile.php(9): CodeIgniter\Debug\Exceptions->errorHandler(2, 'Undefined variable $prof', 'C:\\laragon\\www\\archivez_ci4_final_repo\\app\\Views\\student_dashboard\\profile.php', 9)
 2 SYSTEMPATH\View\View.php(228): include('C:\\laragon\\www\\archivez_ci4_final_repo\\app\\Views\\student_dashboard\\profile.php')
 3 SYSTEMPATH\View\View.php(231): CodeIgniter\View\View->CodeIgniter\View\{closure}()
 4 SYSTEMPATH\View\View.php(469): CodeIgniter\View\View->render('/student_dashboard/profile', null, true)
 5 APPPATH\Views\studentdashboardview\myprofile.php(6): CodeIgniter\View\View->include('/student_dashboard/profile')
 6 SYSTEMPATH\View\View.php(228): include('C:\\laragon\\www\\archivez_ci4_final_repo\\app\\Views\\studentdashboardview\\myprofile.php')
 7 SYSTEMPATH\View\View.php(231): CodeIgniter\View\View->CodeIgniter\View\{closure}()
 8 SYSTEMPATH\Common.php(1190): CodeIgniter\View\View->render('studentdashboardview/myprofile', [], true)
 9 APPPATH\Controllers\StudentDashboardController.php(126): view('studentdashboardview/myprofile', [...])
10 SYSTEMPATH\CodeIgniter.php(942): App\Controllers\StudentDashboardController->addprofile()
11 SYSTEMPATH\CodeIgniter.php(502): CodeIgniter\CodeIgniter->runController(Object(App\Controllers\StudentDashboardController))
12 SYSTEMPATH\CodeIgniter.php(361): CodeIgniter\CodeIgniter->handleRequest(null, Object(Config\Cache), false)
13 FCPATH\index.php(79): CodeIgniter\CodeIgniter->run()
14 SYSTEMPATH\Commands\Server\rewrite.php(47): require_once('C:\\laragon\\www\\archivez_ci4_final_repo\\public\\index.php')
CRITICAL - 2023-12-11 03:30:32 --> Undefined variable $prof
in APPPATH\Views\student_dashboard\profile.php on line 9.
 1 APPPATH\Views\student_dashboard\profile.php(9): CodeIgniter\Debug\Exceptions->errorHandler(2, 'Undefined variable $prof', 'C:\\laragon\\www\\archivez_ci4_final_repo\\app\\Views\\student_dashboard\\profile.php', 9)
 2 SYSTEMPATH\View\View.php(228): include('C:\\laragon\\www\\archivez_ci4_final_repo\\app\\Views\\student_dashboard\\profile.php')
 3 SYSTEMPATH\View\View.php(231): CodeIgniter\View\View->CodeIgniter\View\{closure}()
 4 SYSTEMPATH\View\View.php(469): CodeIgniter\View\View->render('/student_dashboard/profile', null, true)
 5 APPPATH\Views\studentdashboardview\myprofile.php(6): CodeIgniter\View\View->include('/student_dashboard/profile')
 6 SYSTEMPATH\View\View.php(228): include('C:\\laragon\\www\\archivez_ci4_final_repo\\app\\Views\\studentdashboardview\\myprofile.php')
 7 SYSTEMPATH\View\View.php(231): CodeIgniter\View\View->CodeIgniter\View\{closure}()
 8 SYSTEMPATH\Common.php(1190): CodeIgniter\View\View->render('studentdashboardview/myprofile', [], true)
 9 APPPATH\Controllers\StudentDashboardController.php(126): view('studentdashboardview/myprofile', [...])
10 SYSTEMPATH\CodeIgniter.php(942): App\Controllers\StudentDashboardController->addprofile()
11 SYSTEMPATH\CodeIgniter.php(502): CodeIgniter\CodeIgniter->runController(Object(App\Controllers\StudentDashboardController))
12 SYSTEMPATH\CodeIgniter.php(361): CodeIgniter\CodeIgniter->handleRequest(null, Object(Config\Cache), false)
13 FCPATH\index.php(79): CodeIgniter\CodeIgniter->run()
14 SYSTEMPATH\Commands\Server\rewrite.php(47): require_once('C:\\laragon\\www\\archivez_ci4_final_repo\\public\\index.php')
CRITICAL - 2023-12-11 03:31:50 --> Undefined variable $prof
in APPPATH\Views\student_dashboard\profile.php on line 9.
 1 APPPATH\Views\student_dashboard\profile.php(9): CodeIgniter\Debug\Exceptions->errorHandler(2, 'Undefined variable $prof', 'C:\\laragon\\www\\archivez_ci4_final_repo\\app\\Views\\student_dashboard\\profile.php', 9)
 2 SYSTEMPATH\View\View.php(228): include('C:\\laragon\\www\\archivez_ci4_final_repo\\app\\Views\\student_dashboard\\profile.php')
 3 SYSTEMPATH\View\View.php(231): CodeIgniter\View\View->CodeIgniter\View\{closure}()
 4 SYSTEMPATH\View\View.php(469): CodeIgniter\View\View->render('/student_dashboard/profile', null, true)
 5 APPPATH\Views\studentdashboardview\myprofile.php(6): CodeIgniter\View\View->include('/student_dashboard/profile')
 6 SYSTEMPATH\View\View.php(228): include('C:\\laragon\\www\\archivez_ci4_final_repo\\app\\Views\\studentdashboardview\\myprofile.php')
 7 SYSTEMPATH\View\View.php(231): CodeIgniter\View\View->CodeIgniter\View\{closure}()
 8 SYSTEMPATH\Common.php(1190): CodeIgniter\View\View->render('studentdashboardview/myprofile', [], true)
 9 APPPATH\Controllers\StudentDashboardController.php(126): view('studentdashboardview/myprofile', [...])
10 SYSTEMPATH\CodeIgniter.php(942): App\Controllers\StudentDashboardController->addprofile()
11 SYSTEMPATH\CodeIgniter.php(502): CodeIgniter\CodeIgniter->runController(Object(App\Controllers\StudentDashboardController))
12 SYSTEMPATH\CodeIgniter.php(361): CodeIgniter\CodeIgniter->handleRequest(null, Object(Config\Cache), false)
13 FCPATH\index.php(79): CodeIgniter\CodeIgniter->run()
14 SYSTEMPATH\Commands\Server\rewrite.php(47): require_once('C:\\laragon\\www\\archivez_ci4_final_repo\\public\\index.php')
CRITICAL - 2023-12-11 03:32:42 --> Undefined variable $prof
in APPPATH\Views\student_dashboard\profile.php on line 12.
 1 APPPATH\Views\student_dashboard\profile.php(12): CodeIgniter\Debug\Exceptions->errorHandler(2, 'Undefined variable $prof', 'C:\\laragon\\www\\archivez_ci4_final_repo\\app\\Views\\student_dashboard\\profile.php', 12)
 2 SYSTEMPATH\View\View.php(228): include('C:\\laragon\\www\\archivez_ci4_final_repo\\app\\Views\\student_dashboard\\profile.php')
 3 SYSTEMPATH\View\View.php(231): CodeIgniter\View\View->CodeIgniter\View\{closure}()
 4 SYSTEMPATH\View\View.php(469): CodeIgniter\View\View->render('/student_dashboard/profile', null, true)
 5 APPPATH\Views\studentdashboardview\myprofile.php(6): CodeIgniter\View\View->include('/student_dashboard/profile')
 6 SYSTEMPATH\View\View.php(228): include('C:\\laragon\\www\\archivez_ci4_final_repo\\app\\Views\\studentdashboardview\\myprofile.php')
 7 SYSTEMPATH\View\View.php(231): CodeIgniter\View\View->CodeIgniter\View\{closure}()
 8 SYSTEMPATH\Common.php(1190): CodeIgniter\View\View->render('studentdashboardview/myprofile', [], true)
 9 APPPATH\Controllers\StudentDashboardController.php(126): view('studentdashboardview/myprofile', [...])
10 SYSTEMPATH\CodeIgniter.php(942): App\Controllers\StudentDashboardController->addprofile()
11 SYSTEMPATH\CodeIgniter.php(502): CodeIgniter\CodeIgniter->runController(Object(App\Controllers\StudentDashboardController))
12 SYSTEMPATH\CodeIgniter.php(361): CodeIgniter\CodeIgniter->handleRequest(null, Object(Config\Cache), false)
13 FCPATH\index.php(79): CodeIgniter\CodeIgniter->run()
14 SYSTEMPATH\Commands\Server\rewrite.php(47): require_once('C:\\laragon\\www\\archivez_ci4_final_repo\\public\\index.php')
CRITICAL - 2023-12-11 03:34:47 --> Undefined variable $prof
in APPPATH\Views\student_dashboard\profile.php on line 9.
 1 APPPATH\Views\student_dashboard\profile.php(9): CodeIgniter\Debug\Exceptions->errorHandler(2, 'Undefined variable $prof', 'C:\\laragon\\www\\archivez_ci4_final_repo\\app\\Views\\student_dashboard\\profile.php', 9)
 2 SYSTEMPATH\View\View.php(228): include('C:\\laragon\\www\\archivez_ci4_final_repo\\app\\Views\\student_dashboard\\profile.php')
 3 SYSTEMPATH\View\View.php(231): CodeIgniter\View\View->CodeIgniter\View\{closure}()
 4 SYSTEMPATH\View\View.php(469): CodeIgniter\View\View->render('/student_dashboard/profile', null, true)
 5 APPPATH\Views\studentdashboardview\myprofile.php(6): CodeIgniter\View\View->include('/student_dashboard/profile')
 6 SYSTEMPATH\View\View.php(228): include('C:\\laragon\\www\\archivez_ci4_final_repo\\app\\Views\\studentdashboardview\\myprofile.php')
 7 SYSTEMPATH\View\View.php(231): CodeIgniter\View\View->CodeIgniter\View\{closure}()
 8 SYSTEMPATH\Common.php(1190): CodeIgniter\View\View->render('studentdashboardview/myprofile', [], true)
 9 APPPATH\Controllers\StudentDashboardController.php(126): view('studentdashboardview/myprofile', [...])
10 SYSTEMPATH\CodeIgniter.php(942): App\Controllers\StudentDashboardController->addprofile()
11 SYSTEMPATH\CodeIgniter.php(502): CodeIgniter\CodeIgniter->runController(Object(App\Controllers\StudentDashboardController))
12 SYSTEMPATH\CodeIgniter.php(361): CodeIgniter\CodeIgniter->handleRequest(null, Object(Config\Cache), false)
13 FCPATH\index.php(79): CodeIgniter\CodeIgniter->run()
14 SYSTEMPATH\Commands\Server\rewrite.php(47): require_once('C:\\laragon\\www\\archivez_ci4_final_repo\\public\\index.php')
CRITICAL - 2023-12-11 03:36:39 --> Undefined variable $prof
in APPPATH\Views\student_dashboard\profile.php on line 9.
 1 APPPATH\Views\student_dashboard\profile.php(9): CodeIgniter\Debug\Exceptions->errorHandler(2, 'Undefined variable $prof', 'C:\\laragon\\www\\archivez_ci4_final_repo\\app\\Views\\student_dashboard\\profile.php', 9)
 2 SYSTEMPATH\View\View.php(228): include('C:\\laragon\\www\\archivez_ci4_final_repo\\app\\Views\\student_dashboard\\profile.php')
 3 SYSTEMPATH\View\View.php(231): CodeIgniter\View\View->CodeIgniter\View\{closure}()
 4 SYSTEMPATH\View\View.php(469): CodeIgniter\View\View->render('/student_dashboard/profile', null, true)
 5 APPPATH\Views\studentdashboardview\myprofile.php(6): CodeIgniter\View\View->include('/student_dashboard/profile')
 6 SYSTEMPATH\View\View.php(228): include('C:\\laragon\\www\\archivez_ci4_final_repo\\app\\Views\\studentdashboardview\\myprofile.php')
 7 SYSTEMPATH\View\View.php(231): CodeIgniter\View\View->CodeIgniter\View\{closure}()
 8 SYSTEMPATH\Common.php(1190): CodeIgniter\View\View->render('studentdashboardview/myprofile', [], true)
 9 APPPATH\Controllers\StudentDashboardController.php(133): view('studentdashboardview/myprofile', [...])
10 SYSTEMPATH\CodeIgniter.php(942): App\Controllers\StudentDashboardController->addprofile()
11 SYSTEMPATH\CodeIgniter.php(502): CodeIgniter\CodeIgniter->runController(Object(App\Controllers\StudentDashboardController))
12 SYSTEMPATH\CodeIgniter.php(361): CodeIgniter\CodeIgniter->handleRequest(null, Object(Config\Cache), false)
13 FCPATH\index.php(79): CodeIgniter\CodeIgniter->run()
14 SYSTEMPATH\Commands\Server\rewrite.php(47): require_once('C:\\laragon\\www\\archivez_ci4_final_repo\\public\\index.php')
CRITICAL - 2023-12-11 03:36:41 --> "here" is not a valid rule.
in SYSTEMPATH\Validation\Validation.php on line 319.
 1 SYSTEMPATH\Validation\Validation.php(319): CodeIgniter\Validation\Exceptions\ValidationException::forRuleNotFound('here')
 2 SYSTEMPATH\Validation\Validation.php(197): CodeIgniter\Validation\Validation->processRules('your_validation_rules', 'your_validation_rules', null, [...], [...])
 3 SYSTEMPATH\Controller.php(152): CodeIgniter\Validation\Validation->run()
 4 APPPATH\Controllers\StudentDashboardController.php(108): CodeIgniter\Controller->validate([...])
 5 SYSTEMPATH\CodeIgniter.php(942): App\Controllers\StudentDashboardController->studentprofile()
 6 SYSTEMPATH\CodeIgniter.php(502): CodeIgniter\CodeIgniter->runController(Object(App\Controllers\StudentDashboardController))
 7 SYSTEMPATH\CodeIgniter.php(361): CodeIgniter\CodeIgniter->handleRequest(null, Object(Config\Cache), false)
 8 FCPATH\index.php(79): CodeIgniter\CodeIgniter->run()
 9 SYSTEMPATH\Commands\Server\rewrite.php(47): require_once('C:\\laragon\\www\\archivez_ci4_final_repo\\public\\index.php')
CRITICAL - 2023-12-11 03:36:45 --> "here" is not a valid rule.
in SYSTEMPATH\Validation\Validation.php on line 319.
 1 SYSTEMPATH\Validation\Validation.php(319): CodeIgniter\Validation\Exceptions\ValidationException::forRuleNotFound('here')
 2 SYSTEMPATH\Validation\Validation.php(197): CodeIgniter\Validation\Validation->processRules('your_validation_rules', 'your_validation_rules', null, [...], [...])
 3 SYSTEMPATH\Controller.php(152): CodeIgniter\Validation\Validation->run()
 4 APPPATH\Controllers\StudentDashboardController.php(108): CodeIgniter\Controller->validate([...])
 5 SYSTEMPATH\CodeIgniter.php(942): App\Controllers\StudentDashboardController->studentprofile()
 6 SYSTEMPATH\CodeIgniter.php(502): CodeIgniter\CodeIgniter->runController(Object(App\Controllers\StudentDashboardController))
 7 SYSTEMPATH\CodeIgniter.php(361): CodeIgniter\CodeIgniter->handleRequest(null, Object(Config\Cache), false)
 8 FCPATH\index.php(79): CodeIgniter\CodeIgniter->run()
 9 SYSTEMPATH\Commands\Server\rewrite.php(47): require_once('C:\\laragon\\www\\archivez_ci4_final_repo\\public\\index.php')
CRITICAL - 2023-12-11 03:39:38 --> Trying to access array offset on value of type null
in SYSTEMPATH\Validation\Validation.php on line 755.
 1 SYSTEMPATH\Validation\Validation.php(755): CodeIgniter\Debug\Exceptions->errorHandler(2, 'Trying to access array offset on value of type null', 'C:\\laragon\\www\\archivez_ci4_final_repo\\system\\Validation\\Validation.php', 755)
 2 SYSTEMPATH\Validation\Validation.php(156): CodeIgniter\Validation\Validation->fillPlaceholders([...], [...])
 3 SYSTEMPATH\Controller.php(152): CodeIgniter\Validation\Validation->run()
 4 APPPATH\Controllers\StudentDashboardController.php(107): CodeIgniter\Controller->validate([...])
 5 SYSTEMPATH\CodeIgniter.php(942): App\Controllers\StudentDashboardController->studentprofile()
 6 SYSTEMPATH\CodeIgniter.php(502): CodeIgniter\CodeIgniter->runController(Object(App\Controllers\StudentDashboardController))
 7 SYSTEMPATH\CodeIgniter.php(361): CodeIgniter\CodeIgniter->handleRequest(null, Object(Config\Cache), false)
 8 FCPATH\index.php(79): CodeIgniter\CodeIgniter->run()
 9 SYSTEMPATH\Commands\Server\rewrite.php(47): require_once('C:\\laragon\\www\\archivez_ci4_final_repo\\public\\index.php')
CRITICAL - 2023-12-11 03:40:23 --> Undefined variable $prof
in APPPATH\Views\student_dashboard\profile.php on line 9.
 1 APPPATH\Views\student_dashboard\profile.php(9): CodeIgniter\Debug\Exceptions->errorHandler(2, 'Undefined variable $prof', 'C:\\laragon\\www\\archivez_ci4_final_repo\\app\\Views\\student_dashboard\\profile.php', 9)
 2 SYSTEMPATH\View\View.php(228): include('C:\\laragon\\www\\archivez_ci4_final_repo\\app\\Views\\student_dashboard\\profile.php')
 3 SYSTEMPATH\View\View.php(231): CodeIgniter\View\View->CodeIgniter\View\{closure}()
 4 SYSTEMPATH\View\View.php(469): CodeIgniter\View\View->render('/student_dashboard/profile', null, true)
 5 APPPATH\Views\studentdashboardview\myprofile.php(6): CodeIgniter\View\View->include('/student_dashboard/profile')
 6 SYSTEMPATH\View\View.php(228): include('C:\\laragon\\www\\archivez_ci4_final_repo\\app\\Views\\studentdashboardview\\myprofile.php')
 7 SYSTEMPATH\View\View.php(231): CodeIgniter\View\View->CodeIgniter\View\{closure}()
 8 SYSTEMPATH\Common.php(1190): CodeIgniter\View\View->render('studentdashboardview/myprofile', [], true)
 9 APPPATH\Controllers\StudentDashboardController.php(126): view('studentdashboardview/myprofile', [...])
10 SYSTEMPATH\CodeIgniter.php(942): App\Controllers\StudentDashboardController->addprofile()
11 SYSTEMPATH\CodeIgniter.php(502): CodeIgniter\CodeIgniter->runController(Object(App\Controllers\StudentDashboardController))
12 SYSTEMPATH\CodeIgniter.php(361): CodeIgniter\CodeIgniter->handleRequest(null, Object(Config\Cache), false)
13 FCPATH\index.php(79): CodeIgniter\CodeIgniter->run()
14 SYSTEMPATH\Commands\Server\rewrite.php(47): require_once('C:\\laragon\\www\\archivez_ci4_final_repo\\public\\index.php')
CRITICAL - 2023-12-11 04:58:50 --> Undefined array key "idnumber"
in APPPATH\Controllers\UserController.php on line 49.
 1 APPPATH\Controllers\UserController.php(49): CodeIgniter\Debug\Exceptions->errorHandler(2, 'Undefined array key "idnumber"', 'C:\\laragon\\www\\archivez_ci4_final_repo\\app\\Controllers\\UserController.php', 49)
 2 SYSTEMPATH\CodeIgniter.php(942): App\Controllers\UserController->loginauth()
 3 SYSTEMPATH\CodeIgniter.php(502): CodeIgniter\CodeIgniter->runController(Object(App\Controllers\UserController))
 4 SYSTEMPATH\CodeIgniter.php(361): CodeIgniter\CodeIgniter->handleRequest(null, Object(Config\Cache), false)
 5 FCPATH\index.php(79): CodeIgniter\CodeIgniter->run()
 6 SYSTEMPATH\Commands\Server\rewrite.php(47): require_once('C:\\laragon\\www\\archivez_ci4_final_repo\\public\\index.php')
CRITICAL - 2023-12-11 06:55:27 --> Undefined variable $prof
in APPPATH\Views\student_dashboard\topbar.php on line 25.
 1 APPPATH\Views\student_dashboard\topbar.php(25): CodeIgniter\Debug\Exceptions->errorHandler(2, 'Undefined variable $prof', 'C:\\laragon\\www\\archivez_ci4_final_repo\\app\\Views\\student_dashboard\\topbar.php', 25)
 2 SYSTEMPATH\View\View.php(228): include('C:\\laragon\\www\\archivez_ci4_final_repo\\app\\Views\\student_dashboard\\topbar.php')
 3 SYSTEMPATH\View\View.php(231): CodeIgniter\View\View->CodeIgniter\View\{closure}()
 4 SYSTEMPATH\View\View.php(469): CodeIgniter\View\View->render('/student_dashboard/topbar', null, true)
 5 APPPATH\Views\studentdashboardview\studentdashboard.php(4): CodeIgniter\View\View->include('/student_dashboard/topbar')
 6 SYSTEMPATH\View\View.php(228): include('C:\\laragon\\www\\archivez_ci4_final_repo\\app\\Views\\studentdashboardview\\studentdashboard.php')
 7 SYSTEMPATH\View\View.php(231): CodeIgniter\View\View->CodeIgniter\View\{closure}()
 8 SYSTEMPATH\Common.php(1190): CodeIgniter\View\View->render('studentdashboardview/studentdashboard', [], true)
 9 APPPATH\Controllers\StudentDashboardController.php(56): view('studentdashboardview/studentdashboard', [...])
10 SYSTEMPATH\CodeIgniter.php(942): App\Controllers\StudentDashboardController->studentdashboard()
11 SYSTEMPATH\CodeIgniter.php(502): CodeIgniter\CodeIgniter->runController(Object(App\Controllers\StudentDashboardController))
12 SYSTEMPATH\CodeIgniter.php(361): CodeIgniter\CodeIgniter->handleRequest(null, Object(Config\Cache), false)
13 FCPATH\index.php(79): CodeIgniter\CodeIgniter->run()
14 SYSTEMPATH\Commands\Server\rewrite.php(47): require_once('C:\\laragon\\www\\archivez_ci4_final_repo\\public\\index.php')
CRITICAL - 2023-12-11 07:12:06 --> Undefined variable $totalResearch
in APPPATH\Views\instructordashboard\dashboard.php on line 20.
 1 APPPATH\Views\instructordashboard\dashboard.php(20): CodeIgniter\Debug\Exceptions->errorHandler(2, 'Undefined variable $totalResearch', 'C:\\laragon\\www\\archivez_ci4_final_repo\\app\\Views\\instructordashboard\\dashboard.php', 20)
 2 SYSTEMPATH\View\View.php(228): include('C:\\laragon\\www\\archivez_ci4_final_repo\\app\\Views\\instructordashboard\\dashboard.php')
 3 SYSTEMPATH\View\View.php(231): CodeIgniter\View\View->CodeIgniter\View\{closure}()
 4 SYSTEMPATH\View\View.php(469): CodeIgniter\View\View->render('/instructordashboard/dashboard', null, true)
 5 APPPATH\Views\instructordashboardview\instructordashboard.php(6): CodeIgniter\View\View->include('/instructordashboard/dashboard')
 6 SYSTEMPATH\View\View.php(228): include('C:\\laragon\\www\\archivez_ci4_final_repo\\app\\Views\\instructordashboardview\\instructordashboard.php')
 7 SYSTEMPATH\View\View.php(231): CodeIgniter\View\View->CodeIgniter\View\{closure}()
 8 SYSTEMPATH\Common.php(1190): CodeIgniter\View\View->render('instructordashboardview/instructordashboard', [], true)
 9 APPPATH\Controllers\InstructorController.php(20): view('instructordashboardview/instructordashboard')
10 SYSTEMPATH\CodeIgniter.php(942): App\Controllers\InstructorController->instructordashboard()
11 SYSTEMPATH\CodeIgniter.php(502): CodeIgniter\CodeIgniter->runController(Object(App\Controllers\InstructorController))
12 SYSTEMPATH\CodeIgniter.php(361): CodeIgniter\CodeIgniter->handleRequest(null, Object(Config\Cache), false)
13 FCPATH\index.php(79): CodeIgniter\CodeIgniter->run()
14 SYSTEMPATH\Commands\Server\rewrite.php(47): require_once('C:\\laragon\\www\\archivez_ci4_final_repo\\public\\index.php')
CRITICAL - 2023-12-11 07:13:37 --> Undefined variable $totalResearch
in APPPATH\Views\instructordashboard\dashboard.php on line 20.
 1 APPPATH\Views\instructordashboard\dashboard.php(20): CodeIgniter\Debug\Exceptions->errorHandler(2, 'Undefined variable $totalResearch', 'C:\\laragon\\www\\archivez_ci4_final_repo\\app\\Views\\instructordashboard\\dashboard.php', 20)
 2 SYSTEMPATH\View\View.php(228): include('C:\\laragon\\www\\archivez_ci4_final_repo\\app\\Views\\instructordashboard\\dashboard.php')
 3 SYSTEMPATH\View\View.php(231): CodeIgniter\View\View->CodeIgniter\View\{closure}()
 4 SYSTEMPATH\View\View.php(469): CodeIgniter\View\View->render('/instructordashboard/dashboard', null, true)
 5 APPPATH\Views\instructordashboardview\instructordashboard.php(6): CodeIgniter\View\View->include('/instructordashboard/dashboard')
 6 SYSTEMPATH\View\View.php(228): include('C:\\laragon\\www\\archivez_ci4_final_repo\\app\\Views\\instructordashboardview\\instructordashboard.php')
 7 SYSTEMPATH\View\View.php(231): CodeIgniter\View\View->CodeIgniter\View\{closure}()
 8 SYSTEMPATH\Common.php(1190): CodeIgniter\View\View->render('instructordashboardview/instructordashboard', [], true)
 9 APPPATH\Controllers\InstructorController.php(20): view('instructordashboardview/instructordashboard')
10 SYSTEMPATH\CodeIgniter.php(942): App\Controllers\InstructorController->instructordashboard()
11 SYSTEMPATH\CodeIgniter.php(502): CodeIgniter\CodeIgniter->runController(Object(App\Controllers\InstructorController))
12 SYSTEMPATH\CodeIgniter.php(361): CodeIgniter\CodeIgniter->handleRequest(null, Object(Config\Cache), false)
13 FCPATH\index.php(79): CodeIgniter\CodeIgniter->run()
14 SYSTEMPATH\Commands\Server\rewrite.php(47): require_once('C:\\laragon\\www\\archivez_ci4_final_repo\\public\\index.php')
CRITICAL - 2023-12-11 07:14:04 --> Undefined variable $totalResearch
in APPPATH\Views\instructordashboard\dashboard.php on line 20.
 1 APPPATH\Views\instructordashboard\dashboard.php(20): CodeIgniter\Debug\Exceptions->errorHandler(2, 'Undefined variable $totalResearch', 'C:\\laragon\\www\\archivez_ci4_final_repo\\app\\Views\\instructordashboard\\dashboard.php', 20)
 2 SYSTEMPATH\View\View.php(228): include('C:\\laragon\\www\\archivez_ci4_final_repo\\app\\Views\\instructordashboard\\dashboard.php')
 3 SYSTEMPATH\View\View.php(231): CodeIgniter\View\View->CodeIgniter\View\{closure}()
 4 SYSTEMPATH\View\View.php(469): CodeIgniter\View\View->render('/instructordashboard/dashboard', null, true)
 5 APPPATH\Views\instructordashboardview\instructordashboard.php(6): CodeIgniter\View\View->include('/instructordashboard/dashboard')
 6 SYSTEMPATH\View\View.php(228): include('C:\\laragon\\www\\archivez_ci4_final_repo\\app\\Views\\instructordashboardview\\instructordashboard.php')
 7 SYSTEMPATH\View\View.php(231): CodeIgniter\View\View->CodeIgniter\View\{closure}()
 8 SYSTEMPATH\Common.php(1190): CodeIgniter\View\View->render('instructordashboardview/instructordashboard', [], true)
 9 APPPATH\Controllers\InstructorController.php(20): view('instructordashboardview/instructordashboard')
10 SYSTEMPATH\CodeIgniter.php(942): App\Controllers\InstructorController->instructordashboard()
11 SYSTEMPATH\CodeIgniter.php(502): CodeIgniter\CodeIgniter->runController(Object(App\Controllers\InstructorController))
12 SYSTEMPATH\CodeIgniter.php(361): CodeIgniter\CodeIgniter->handleRequest(null, Object(Config\Cache), false)
13 FCPATH\index.php(79): CodeIgniter\CodeIgniter->run()
14 SYSTEMPATH\Commands\Server\rewrite.php(47): require_once('C:\\laragon\\www\\archivez_ci4_final_repo\\public\\index.php')
CRITICAL - 2023-12-11 07:14:05 --> Undefined variable $totalResearch
in APPPATH\Views\instructordashboard\dashboard.php on line 20.
 1 APPPATH\Views\instructordashboard\dashboard.php(20): CodeIgniter\Debug\Exceptions->errorHandler(2, 'Undefined variable $totalResearch', 'C:\\laragon\\www\\archivez_ci4_final_repo\\app\\Views\\instructordashboard\\dashboard.php', 20)
 2 SYSTEMPATH\View\View.php(228): include('C:\\laragon\\www\\archivez_ci4_final_repo\\app\\Views\\instructordashboard\\dashboard.php')
 3 SYSTEMPATH\View\View.php(231): CodeIgniter\View\View->CodeIgniter\View\{closure}()
 4 SYSTEMPATH\View\View.php(469): CodeIgniter\View\View->render('/instructordashboard/dashboard', null, true)
 5 APPPATH\Views\instructordashboardview\instructordashboard.php(6): CodeIgniter\View\View->include('/instructordashboard/dashboard')
 6 SYSTEMPATH\View\View.php(228): include('C:\\laragon\\www\\archivez_ci4_final_repo\\app\\Views\\instructordashboardview\\instructordashboard.php')
 7 SYSTEMPATH\View\View.php(231): CodeIgniter\View\View->CodeIgniter\View\{closure}()
 8 SYSTEMPATH\Common.php(1190): CodeIgniter\View\View->render('instructordashboardview/instructordashboard', [], true)
 9 APPPATH\Controllers\InstructorController.php(20): view('instructordashboardview/instructordashboard')
10 SYSTEMPATH\CodeIgniter.php(942): App\Controllers\InstructorController->instructordashboard()
11 SYSTEMPATH\CodeIgniter.php(502): CodeIgniter\CodeIgniter->runController(Object(App\Controllers\InstructorController))
12 SYSTEMPATH\CodeIgniter.php(361): CodeIgniter\CodeIgniter->handleRequest(null, Object(Config\Cache), false)
13 FCPATH\index.php(79): CodeIgniter\CodeIgniter->run()
14 SYSTEMPATH\Commands\Server\rewrite.php(47): require_once('C:\\laragon\\www\\archivez_ci4_final_repo\\public\\index.php')
CRITICAL - 2023-12-11 07:14:06 --> Undefined variable $totalResearch
in APPPATH\Views\instructordashboard\dashboard.php on line 20.
 1 APPPATH\Views\instructordashboard\dashboard.php(20): CodeIgniter\Debug\Exceptions->errorHandler(2, 'Undefined variable $totalResearch', 'C:\\laragon\\www\\archivez_ci4_final_repo\\app\\Views\\instructordashboard\\dashboard.php', 20)
 2 SYSTEMPATH\View\View.php(228): include('C:\\laragon\\www\\archivez_ci4_final_repo\\app\\Views\\instructordashboard\\dashboard.php')
 3 SYSTEMPATH\View\View.php(231): CodeIgniter\View\View->CodeIgniter\View\{closure}()
 4 SYSTEMPATH\View\View.php(469): CodeIgniter\View\View->render('/instructordashboard/dashboard', null, true)
 5 APPPATH\Views\instructordashboardview\instructordashboard.php(6): CodeIgniter\View\View->include('/instructordashboard/dashboard')
 6 SYSTEMPATH\View\View.php(228): include('C:\\laragon\\www\\archivez_ci4_final_repo\\app\\Views\\instructordashboardview\\instructordashboard.php')
 7 SYSTEMPATH\View\View.php(231): CodeIgniter\View\View->CodeIgniter\View\{closure}()
 8 SYSTEMPATH\Common.php(1190): CodeIgniter\View\View->render('instructordashboardview/instructordashboard', [], true)
 9 APPPATH\Controllers\InstructorController.php(20): view('instructordashboardview/instructordashboard')
10 SYSTEMPATH\CodeIgniter.php(942): App\Controllers\InstructorController->instructordashboard()
11 SYSTEMPATH\CodeIgniter.php(502): CodeIgniter\CodeIgniter->runController(Object(App\Controllers\InstructorController))
12 SYSTEMPATH\CodeIgniter.php(361): CodeIgniter\CodeIgniter->handleRequest(null, Object(Config\Cache), false)
13 FCPATH\index.php(79): CodeIgniter\CodeIgniter->run()
14 SYSTEMPATH\Commands\Server\rewrite.php(47): require_once('C:\\laragon\\www\\archivez_ci4_final_repo\\public\\index.php')
CRITICAL - 2023-12-11 07:21:26 --> Undefined variable $output
in APPPATH\Views\instructordashboard\dashboard.php on line 73.
 1 APPPATH\Views\instructordashboard\dashboard.php(73): CodeIgniter\Debug\Exceptions->errorHandler(2, 'Undefined variable $output', 'C:\\laragon\\www\\archivez_ci4_final_repo\\app\\Views\\instructordashboard\\dashboard.php', 73)
 2 SYSTEMPATH\View\View.php(228): include('C:\\laragon\\www\\archivez_ci4_final_repo\\app\\Views\\instructordashboard\\dashboard.php')
 3 SYSTEMPATH\View\View.php(231): CodeIgniter\View\View->CodeIgniter\View\{closure}()
 4 SYSTEMPATH\View\View.php(469): CodeIgniter\View\View->render('/instructordashboard/dashboard', null, true)
 5 APPPATH\Views\instructordashboardview\instructordashboard.php(6): CodeIgniter\View\View->include('/instructordashboard/dashboard')
 6 SYSTEMPATH\View\View.php(228): include('C:\\laragon\\www\\archivez_ci4_final_repo\\app\\Views\\instructordashboardview\\instructordashboard.php')
 7 SYSTEMPATH\View\View.php(231): CodeIgniter\View\View->CodeIgniter\View\{closure}()
 8 SYSTEMPATH\Common.php(1190): CodeIgniter\View\View->render('instructordashboardview/instructordashboard', [], true)
 9 APPPATH\Controllers\InstructorController.php(50): view('instructordashboardview/instructordashboard', [...])
10 SYSTEMPATH\CodeIgniter.php(942): App\Controllers\InstructorController->instructordashboard()
11 SYSTEMPATH\CodeIgniter.php(502): CodeIgniter\CodeIgniter->runController(Object(App\Controllers\InstructorController))
12 SYSTEMPATH\CodeIgniter.php(361): CodeIgniter\CodeIgniter->handleRequest(null, Object(Config\Cache), false)
13 FCPATH\index.php(79): CodeIgniter\CodeIgniter->run()
14 SYSTEMPATH\Commands\Server\rewrite.php(47): require_once('C:\\laragon\\www\\archivez_ci4_final_repo\\public\\index.php')
CRITICAL - 2023-12-11 08:02:39 --> Call to a member function where() on array
in APPPATH\Views\instructordashboard\dashboard.php on line 40.
 1 SYSTEMPATH\View\View.php(228): include()
 2 SYSTEMPATH\View\View.php(231): CodeIgniter\View\View->CodeIgniter\View\{closure}()
 3 SYSTEMPATH\View\View.php(469): CodeIgniter\View\View->render('/instructordashboard/dashboard', null, true)
 4 APPPATH\Views\instructordashboardview\instructordashboard.php(6): CodeIgniter\View\View->include('/instructordashboard/dashboard')
 5 SYSTEMPATH\View\View.php(228): include('C:\\laragon\\www\\archivez_ci4_final_repo\\app\\Views\\instructordashboardview\\instructordashboard.php')
 6 SYSTEMPATH\View\View.php(231): CodeIgniter\View\View->CodeIgniter\View\{closure}()
 7 SYSTEMPATH\Common.php(1190): CodeIgniter\View\View->render('instructordashboardview/instructordashboard', [], true)
 8 APPPATH\Controllers\InstructorController.php(52): view('instructordashboardview/instructordashboard', [...])
 9 SYSTEMPATH\CodeIgniter.php(942): App\Controllers\InstructorController->instructordashboard()
10 SYSTEMPATH\CodeIgniter.php(502): CodeIgniter\CodeIgniter->runController(Object(App\Controllers\InstructorController))
11 SYSTEMPATH\CodeIgniter.php(361): CodeIgniter\CodeIgniter->handleRequest(null, Object(Config\Cache), false)
12 FCPATH\index.php(79): CodeIgniter\CodeIgniter->run()
13 SYSTEMPATH\Commands\Server\rewrite.php(47): require_once('C:\\laragon\\www\\archivez_ci4_final_repo\\public\\index.php')
CRITICAL - 2023-12-11 08:05:36 --> Array to string conversion
in APPPATH\Views\instructordashboard\dashboard.php on line 34.
 1 APPPATH\Views\instructordashboard\dashboard.php(34): CodeIgniter\Debug\Exceptions->errorHandler(2, 'Array to string conversion', 'C:\\laragon\\www\\archivez_ci4_final_repo\\app\\Views\\instructordashboard\\dashboard.php', 34)
 2 SYSTEMPATH\View\View.php(228): include('C:\\laragon\\www\\archivez_ci4_final_repo\\app\\Views\\instructordashboard\\dashboard.php')
 3 SYSTEMPATH\View\View.php(231): CodeIgniter\View\View->CodeIgniter\View\{closure}()
 4 SYSTEMPATH\View\View.php(469): CodeIgniter\View\View->render('/instructordashboard/dashboard', null, true)
 5 APPPATH\Views\instructordashboardview\instructordashboard.php(6): CodeIgniter\View\View->include('/instructordashboard/dashboard')
 6 SYSTEMPATH\View\View.php(228): include('C:\\laragon\\www\\archivez_ci4_final_repo\\app\\Views\\instructordashboardview\\instructordashboard.php')
 7 SYSTEMPATH\View\View.php(231): CodeIgniter\View\View->CodeIgniter\View\{closure}()
 8 SYSTEMPATH\Common.php(1190): CodeIgniter\View\View->render('instructordashboardview/instructordashboard', [], true)
 9 APPPATH\Controllers\InstructorController.php(56): view('instructordashboardview/instructordashboard', [...])
10 SYSTEMPATH\CodeIgniter.php(942): App\Controllers\InstructorController->instructordashboard()
11 SYSTEMPATH\CodeIgniter.php(502): CodeIgniter\CodeIgniter->runController(Object(App\Controllers\InstructorController))
12 SYSTEMPATH\CodeIgniter.php(361): CodeIgniter\CodeIgniter->handleRequest(null, Object(Config\Cache), false)
13 FCPATH\index.php(79): CodeIgniter\CodeIgniter->run()
14 SYSTEMPATH\Commands\Server\rewrite.php(47): require_once('C:\\laragon\\www\\archivez_ci4_final_repo\\public\\index.php')
CRITICAL - 2023-12-11 08:06:13 --> Array to string conversion
in APPPATH\Views\instructordashboard\dashboard.php on line 34.
 1 APPPATH\Views\instructordashboard\dashboard.php(34): CodeIgniter\Debug\Exceptions->errorHandler(2, 'Array to string conversion', 'C:\\laragon\\www\\archivez_ci4_final_repo\\app\\Views\\instructordashboard\\dashboard.php', 34)
 2 SYSTEMPATH\View\View.php(228): include('C:\\laragon\\www\\archivez_ci4_final_repo\\app\\Views\\instructordashboard\\dashboard.php')
 3 SYSTEMPATH\View\View.php(231): CodeIgniter\View\View->CodeIgniter\View\{closure}()
 4 SYSTEMPATH\View\View.php(469): CodeIgniter\View\View->render('/instructordashboard/dashboard', null, true)
 5 APPPATH\Views\instructordashboardview\instructordashboard.php(6): CodeIgniter\View\View->include('/instructordashboard/dashboard')
 6 SYSTEMPATH\View\View.php(228): include('C:\\laragon\\www\\archivez_ci4_final_repo\\app\\Views\\instructordashboardview\\instructordashboard.php')
 7 SYSTEMPATH\View\View.php(231): CodeIgniter\View\View->CodeIgniter\View\{closure}()
 8 SYSTEMPATH\Common.php(1190): CodeIgniter\View\View->render('instructordashboardview/instructordashboard', [], true)
 9 APPPATH\Controllers\InstructorController.php(56): view('instructordashboardview/instructordashboard', [...])
10 SYSTEMPATH\CodeIgniter.php(942): App\Controllers\InstructorController->instructordashboard()
11 SYSTEMPATH\CodeIgniter.php(502): CodeIgniter\CodeIgniter->runController(Object(App\Controllers\InstructorController))
12 SYSTEMPATH\CodeIgniter.php(361): CodeIgniter\CodeIgniter->handleRequest(null, Object(Config\Cache), false)
13 FCPATH\index.php(79): CodeIgniter\CodeIgniter->run()
14 SYSTEMPATH\Commands\Server\rewrite.php(47): require_once('C:\\laragon\\www\\archivez_ci4_final_repo\\public\\index.php')
CRITICAL - 2023-12-11 08:06:56 --> Undefined variable $weekData
in APPPATH\Views\instructordashboard\dashboard.php on line 35.
 1 APPPATH\Views\instructordashboard\dashboard.php(35): CodeIgniter\Debug\Exceptions->errorHandler(2, 'Undefined variable $weekData', 'C:\\laragon\\www\\archivez_ci4_final_repo\\app\\Views\\instructordashboard\\dashboard.php', 35)
 2 SYSTEMPATH\View\View.php(228): include('C:\\laragon\\www\\archivez_ci4_final_repo\\app\\Views\\instructordashboard\\dashboard.php')
 3 SYSTEMPATH\View\View.php(231): CodeIgniter\View\View->CodeIgniter\View\{closure}()
 4 SYSTEMPATH\View\View.php(469): CodeIgniter\View\View->render('/instructordashboard/dashboard', null, true)
 5 APPPATH\Views\instructordashboardview\instructordashboard.php(6): CodeIgniter\View\View->include('/instructordashboard/dashboard')
 6 SYSTEMPATH\View\View.php(228): include('C:\\laragon\\www\\archivez_ci4_final_repo\\app\\Views\\instructordashboardview\\instructordashboard.php')
 7 SYSTEMPATH\View\View.php(231): CodeIgniter\View\View->CodeIgniter\View\{closure}()
 8 SYSTEMPATH\Common.php(1190): CodeIgniter\View\View->render('instructordashboardview/instructordashboard', [], true)
 9 APPPATH\Controllers\InstructorController.php(56): view('instructordashboardview/instructordashboard', [...])
10 SYSTEMPATH\CodeIgniter.php(942): App\Controllers\InstructorController->instructordashboard()
11 SYSTEMPATH\CodeIgniter.php(502): CodeIgniter\CodeIgniter->runController(Object(App\Controllers\InstructorController))
12 SYSTEMPATH\CodeIgniter.php(361): CodeIgniter\CodeIgniter->handleRequest(null, Object(Config\Cache), false)
13 FCPATH\index.php(79): CodeIgniter\CodeIgniter->run()
14 SYSTEMPATH\Commands\Server\rewrite.php(47): require_once('C:\\laragon\\www\\archivez_ci4_final_repo\\public\\index.php')
CRITICAL - 2023-12-11 08:26:39 --> Undefined variable $allResearchPerMonth
in APPPATH\Views\instructordashboard\dashboard.php on line 246.
 1 APPPATH\Views\instructordashboard\dashboard.php(246): CodeIgniter\Debug\Exceptions->errorHandler(2, 'Undefined variable $allResearchPerMonth', 'C:\\laragon\\www\\archivez_ci4_final_repo\\app\\Views\\instructordashboard\\dashboard.php', 246)
 2 SYSTEMPATH\View\View.php(228): include('C:\\laragon\\www\\archivez_ci4_final_repo\\app\\Views\\instructordashboard\\dashboard.php')
 3 SYSTEMPATH\View\View.php(231): CodeIgniter\View\View->CodeIgniter\View\{closure}()
 4 SYSTEMPATH\View\View.php(469): CodeIgniter\View\View->render('/instructordashboard/dashboard', null, true)
 5 APPPATH\Views\instructordashboardview\instructordashboard.php(6): CodeIgniter\View\View->include('/instructordashboard/dashboard')
 6 SYSTEMPATH\View\View.php(228): include('C:\\laragon\\www\\archivez_ci4_final_repo\\app\\Views\\instructordashboardview\\instructordashboard.php')
 7 SYSTEMPATH\View\View.php(231): CodeIgniter\View\View->CodeIgniter\View\{closure}()
 8 SYSTEMPATH\Common.php(1190): CodeIgniter\View\View->render('instructordashboardview/instructordashboard', [], true)
 9 APPPATH\Controllers\InstructorController.php(56): view('instructordashboardview/instructordashboard', [...])
10 SYSTEMPATH\CodeIgniter.php(942): App\Controllers\InstructorController->instructordashboard()
11 SYSTEMPATH\CodeIgniter.php(502): CodeIgniter\CodeIgniter->runController(Object(App\Controllers\InstructorController))
12 SYSTEMPATH\CodeIgniter.php(361): CodeIgniter\CodeIgniter->handleRequest(null, Object(Config\Cache), false)
13 FCPATH\index.php(79): CodeIgniter\CodeIgniter->run()
14 SYSTEMPATH\Commands\Server\rewrite.php(47): require_once('C:\\laragon\\www\\archivez_ci4_final_repo\\public\\index.php')
CRITICAL - 2023-12-11 08:29:10 --> Undefined variable $allResearchPerMonth
in APPPATH\Views\instructordashboard\dashboard.php on line 246.
 1 APPPATH\Views\instructordashboard\dashboard.php(246): CodeIgniter\Debug\Exceptions->errorHandler(2, 'Undefined variable $allResearchPerMonth', 'C:\\laragon\\www\\archivez_ci4_final_repo\\app\\Views\\instructordashboard\\dashboard.php', 246)
 2 SYSTEMPATH\View\View.php(228): include('C:\\laragon\\www\\archivez_ci4_final_repo\\app\\Views\\instructordashboard\\dashboard.php')
 3 SYSTEMPATH\View\View.php(231): CodeIgniter\View\View->CodeIgniter\View\{closure}()
 4 SYSTEMPATH\View\View.php(469): CodeIgniter\View\View->render('/instructordashboard/dashboard', null, true)
 5 APPPATH\Views\instructordashboardview\instructordashboard.php(6): CodeIgniter\View\View->include('/instructordashboard/dashboard')
 6 SYSTEMPATH\View\View.php(228): include('C:\\laragon\\www\\archivez_ci4_final_repo\\app\\Views\\instructordashboardview\\instructordashboard.php')
 7 SYSTEMPATH\View\View.php(231): CodeIgniter\View\View->CodeIgniter\View\{closure}()
 8 SYSTEMPATH\Common.php(1190): CodeIgniter\View\View->render('instructordashboardview/instructordashboard', [], true)
 9 APPPATH\Controllers\InstructorController.php(56): view('instructordashboardview/instructordashboard', [...])
10 SYSTEMPATH\CodeIgniter.php(942): App\Controllers\InstructorController->instructordashboard()
11 SYSTEMPATH\CodeIgniter.php(502): CodeIgniter\CodeIgniter->runController(Object(App\Controllers\InstructorController))
12 SYSTEMPATH\CodeIgniter.php(361): CodeIgniter\CodeIgniter->handleRequest(null, Object(Config\Cache), false)
13 FCPATH\index.php(79): CodeIgniter\CodeIgniter->run()
14 SYSTEMPATH\Commands\Server\rewrite.php(47): require_once('C:\\laragon\\www\\archivez_ci4_final_repo\\public\\index.php')
CRITICAL - 2023-12-11 11:13:26 --> Undefined variable $researchPerSubject
in APPPATH\Views\student_dashboard\profile.php on line 423.
 1 APPPATH\Views\student_dashboard\profile.php(423): CodeIgniter\Debug\Exceptions->errorHandler(2, 'Undefined variable $researchPerSubject', 'C:\\laragon\\www\\archivez_ci4_final_repo\\app\\Views\\student_dashboard\\profile.php', 423)
 2 SYSTEMPATH\View\View.php(228): include('C:\\laragon\\www\\archivez_ci4_final_repo\\app\\Views\\student_dashboard\\profile.php')
 3 SYSTEMPATH\View\View.php(231): CodeIgniter\View\View->CodeIgniter\View\{closure}()
 4 SYSTEMPATH\View\View.php(469): CodeIgniter\View\View->render('/student_dashboard/profile', null, true)
 5 APPPATH\Views\studentdashboardview\myprofile.php(6): CodeIgniter\View\View->include('/student_dashboard/profile')
 6 SYSTEMPATH\View\View.php(228): include('C:\\laragon\\www\\archivez_ci4_final_repo\\app\\Views\\studentdashboardview\\myprofile.php')
 7 SYSTEMPATH\View\View.php(231): CodeIgniter\View\View->CodeIgniter\View\{closure}()
 8 SYSTEMPATH\Common.php(1190): CodeIgniter\View\View->render('studentdashboardview/myprofile', [], true)
 9 APPPATH\Controllers\StudentDashboardController.php(101): view('studentdashboardview/myprofile', [...])
10 SYSTEMPATH\CodeIgniter.php(942): App\Controllers\StudentDashboardController->studentprofile()
11 SYSTEMPATH\CodeIgniter.php(502): CodeIgniter\CodeIgniter->runController(Object(App\Controllers\StudentDashboardController))
12 SYSTEMPATH\CodeIgniter.php(361): CodeIgniter\CodeIgniter->handleRequest(null, Object(Config\Cache), false)
13 FCPATH\index.php(79): CodeIgniter\CodeIgniter->run()
14 SYSTEMPATH\Commands\Server\rewrite.php(47): require_once('C:\\laragon\\www\\archivez_ci4_final_repo\\public\\index.php')
CRITICAL - 2023-12-11 11:14:17 --> Cannot redeclare App\Controllers\StudentDashboardController::studentdashboard()
in APPPATH\Controllers\StudentDashboardController.php on line 59.
 1 [internal function]: CodeIgniter\Debug\Exceptions->shutdownHandler()
CRITICAL - 2023-12-11 11:14:44 --> Undefined variable $researchPerSubject
in APPPATH\Views\student_dashboard\profile.php on line 423.
 1 APPPATH\Views\student_dashboard\profile.php(423): CodeIgniter\Debug\Exceptions->errorHandler(2, 'Undefined variable $researchPerSubject', 'C:\\laragon\\www\\archivez_ci4_final_repo\\app\\Views\\student_dashboard\\profile.php', 423)
 2 SYSTEMPATH\View\View.php(228): include('C:\\laragon\\www\\archivez_ci4_final_repo\\app\\Views\\student_dashboard\\profile.php')
 3 SYSTEMPATH\View\View.php(231): CodeIgniter\View\View->CodeIgniter\View\{closure}()
 4 SYSTEMPATH\View\View.php(469): CodeIgniter\View\View->render('/student_dashboard/profile', null, true)
 5 APPPATH\Views\studentdashboardview\myprofile.php(6): CodeIgniter\View\View->include('/student_dashboard/profile')
 6 SYSTEMPATH\View\View.php(228): include('C:\\laragon\\www\\archivez_ci4_final_repo\\app\\Views\\studentdashboardview\\myprofile.php')
 7 SYSTEMPATH\View\View.php(231): CodeIgniter\View\View->CodeIgniter\View\{closure}()
 8 SYSTEMPATH\Common.php(1190): CodeIgniter\View\View->render('studentdashboardview/myprofile', [], true)
 9 APPPATH\Controllers\StudentDashboardController.php(107): view('studentdashboardview/myprofile', [...])
10 SYSTEMPATH\CodeIgniter.php(942): App\Controllers\StudentDashboardController->studentprofile()
11 SYSTEMPATH\CodeIgniter.php(502): CodeIgniter\CodeIgniter->runController(Object(App\Controllers\StudentDashboardController))
12 SYSTEMPATH\CodeIgniter.php(361): CodeIgniter\CodeIgniter->handleRequest(null, Object(Config\Cache), false)
13 FCPATH\index.php(79): CodeIgniter\CodeIgniter->run()
14 SYSTEMPATH\Commands\Server\rewrite.php(47): require_once('C:\\laragon\\www\\archivez_ci4_final_repo\\public\\index.php')
CRITICAL - 2023-12-11 11:15:17 --> Undefined variable $prof
in APPPATH\Views\student_dashboard\profile.php on line 9.
 1 APPPATH\Views\student_dashboard\profile.php(9): CodeIgniter\Debug\Exceptions->errorHandler(2, 'Undefined variable $prof', 'C:\\laragon\\www\\archivez_ci4_final_repo\\app\\Views\\student_dashboard\\profile.php', 9)
 2 SYSTEMPATH\View\View.php(228): include('C:\\laragon\\www\\archivez_ci4_final_repo\\app\\Views\\student_dashboard\\profile.php')
 3 SYSTEMPATH\View\View.php(231): CodeIgniter\View\View->CodeIgniter\View\{closure}()
 4 SYSTEMPATH\View\View.php(469): CodeIgniter\View\View->render('/student_dashboard/profile', null, true)
 5 APPPATH\Views\studentdashboardview\myprofile.php(6): CodeIgniter\View\View->include('/student_dashboard/profile')
 6 SYSTEMPATH\View\View.php(228): include('C:\\laragon\\www\\archivez_ci4_final_repo\\app\\Views\\studentdashboardview\\myprofile.php')
 7 SYSTEMPATH\View\View.php(231): CodeIgniter\View\View->CodeIgniter\View\{closure}()
 8 SYSTEMPATH\Common.php(1190): CodeIgniter\View\View->render('studentdashboardview/myprofile', [], true)
 9 APPPATH\Controllers\StudentDashboardController.php(87): view('studentdashboardview/myprofile', [...])
10 SYSTEMPATH\CodeIgniter.php(942): App\Controllers\StudentDashboardController->studentprofile()
11 SYSTEMPATH\CodeIgniter.php(502): CodeIgniter\CodeIgniter->runController(Object(App\Controllers\StudentDashboardController))
12 SYSTEMPATH\CodeIgniter.php(361): CodeIgniter\CodeIgniter->handleRequest(null, Object(Config\Cache), false)
13 FCPATH\index.php(79): CodeIgniter\CodeIgniter->run()
14 SYSTEMPATH\Commands\Server\rewrite.php(47): require_once('C:\\laragon\\www\\archivez_ci4_final_repo\\public\\index.php')
CRITICAL - 2023-12-11 11:16:23 --> Undefined variable $researchPerSubject
in APPPATH\Views\student_dashboard\profile.php on line 423.
 1 APPPATH\Views\student_dashboard\profile.php(423): CodeIgniter\Debug\Exceptions->errorHandler(2, 'Undefined variable $researchPerSubject', 'C:\\laragon\\www\\archivez_ci4_final_repo\\app\\Views\\student_dashboard\\profile.php', 423)
 2 SYSTEMPATH\View\View.php(228): include('C:\\laragon\\www\\archivez_ci4_final_repo\\app\\Views\\student_dashboard\\profile.php')
 3 SYSTEMPATH\View\View.php(231): CodeIgniter\View\View->CodeIgniter\View\{closure}()
 4 SYSTEMPATH\View\View.php(469): CodeIgniter\View\View->render('/student_dashboard/profile', null, true)
 5 APPPATH\Views\studentdashboardview\myprofile.php(6): CodeIgniter\View\View->include('/student_dashboard/profile')
 6 SYSTEMPATH\View\View.php(228): include('C:\\laragon\\www\\archivez_ci4_final_repo\\app\\Views\\studentdashboardview\\myprofile.php')
 7 SYSTEMPATH\View\View.php(231): CodeIgniter\View\View->CodeIgniter\View\{closure}()
 8 SYSTEMPATH\Common.php(1190): CodeIgniter\View\View->render('studentdashboardview/myprofile', [], true)
 9 APPPATH\Controllers\StudentDashboardController.php(114): view('studentdashboardview/myprofile', [...])
10 SYSTEMPATH\CodeIgniter.php(942): App\Controllers\StudentDashboardController->studentprofile()
11 SYSTEMPATH\CodeIgniter.php(502): CodeIgniter\CodeIgniter->runController(Object(App\Controllers\StudentDashboardController))
12 SYSTEMPATH\CodeIgniter.php(361): CodeIgniter\CodeIgniter->handleRequest(null, Object(Config\Cache), false)
13 FCPATH\index.php(79): CodeIgniter\CodeIgniter->run()
14 SYSTEMPATH\Commands\Server\rewrite.php(47): require_once('C:\\laragon\\www\\archivez_ci4_final_repo\\public\\index.php')
CRITICAL - 2023-12-11 15:00:19 --> Undefined variable $upvoteCount
in APPPATH\Views\instructordashboard\viewresearch.php on line 68.
 1 APPPATH\Views\instructordashboard\viewresearch.php(68): CodeIgniter\Debug\Exceptions->errorHandler(2, 'Undefined variable $upvoteCount', 'C:\\laragon\\www\\archivez_ci4_final_repo\\app\\Views\\instructordashboard\\viewresearch.php', 68)
 2 SYSTEMPATH\View\View.php(228): include('C:\\laragon\\www\\archivez_ci4_final_repo\\app\\Views\\instructordashboard\\viewresearch.php')
 3 SYSTEMPATH\View\View.php(231): CodeIgniter\View\View->CodeIgniter\View\{closure}()
 4 SYSTEMPATH\View\View.php(469): CodeIgniter\View\View->render('/instructordashboard/viewresearch', null, true)
 5 APPPATH\Views\instructordashboardview\viewresearch.php(6): CodeIgniter\View\View->include('/instructordashboard/viewresearch')
 6 SYSTEMPATH\View\View.php(228): include('C:\\laragon\\www\\archivez_ci4_final_repo\\app\\Views\\instructordashboardview\\viewresearch.php')
 7 SYSTEMPATH\View\View.php(231): CodeIgniter\View\View->CodeIgniter\View\{closure}()
 8 SYSTEMPATH\Common.php(1190): CodeIgniter\View\View->render('instructordashboardview/viewresearch', [], true)
 9 APPPATH\Controllers\InstructorController.php(90): view('instructordashboardview/viewresearch', [...])
10 SYSTEMPATH\CodeIgniter.php(942): App\Controllers\InstructorController->researchdetails('25')
11 SYSTEMPATH\CodeIgniter.php(502): CodeIgniter\CodeIgniter->runController(Object(App\Controllers\InstructorController))
12 SYSTEMPATH\CodeIgniter.php(361): CodeIgniter\CodeIgniter->handleRequest(null, Object(Config\Cache), false)
13 FCPATH\index.php(79): CodeIgniter\CodeIgniter->run()
14 SYSTEMPATH\Commands\Server\rewrite.php(47): require_once('C:\\laragon\\www\\archivez_ci4_final_repo\\public\\index.php')
